#-----------------------------------------------------------
# Vivado v2019.1 (64-bit)
# SW Build 2552052 on Fri May 24 14:49:42 MDT 2019
# IP Build 2548770 on Fri May 24 18:01:18 MDT 2019
# Start of session at: Wed Jun 10 07:02:40 2020
# Process ID: 21712
# Current directory: C:/Users/mi/Desktop/lab5_cpu
# Command line: vivado.exe -gui_launcher_event rodinguilauncherevent18828 C:\Users\mi\Desktop\lab5_cpu\lab5_cpu.xpr
# Log file: C:/Users/mi/Desktop/lab5_cpu/vivado.log
# Journal file: C:/Users/mi/Desktop/lab5_cpu\vivado.jou
#-----------------------------------------------------------
start_gui
open_project C:/Users/mi/Desktop/lab5_cpu/lab5_cpu.xpr
Scanning sources...
Finished scanning sources
INFO: [IP_Flow 19-234] Refreshing IP repositories
INFO: [IP_Flow 19-1704] No user IP repositories specified
INFO: [IP_Flow 19-2313] Loaded Vivado IP repository 'C:/Xilinx/Vivado/2019.1/data/ip'.
open_project: Time (s): cpu = 00:00:20 ; elapsed = 00:00:09 . Memory (MB): peak = 1014.996 ; gain = 151.383
update_compile_order -fileset sources_1
launch_simulation
INFO: [Vivado 12-5698] Checking validity of IPs in the design for the 'XSim' simulator...
INFO: [Vivado 12-5682] Launching behavioral simulation in 'C:/Users/mi/Desktop/lab5_cpu/lab5_cpu.sim/sim_1/behav/xsim'
INFO: [Vivado 12-4795] Using compiled simulation libraries for IPs
INFO: [SIM-utils-51] Simulation object is 'sim_1'
INFO: [USF-XSim-7] Finding pre-compiled libraries...
INFO: [USF-XSim-11] File 'C:/Xilinx/Vivado/2019.1/data/xsim/xsim.ini' copied to run dir:'C:/Users/mi/Desktop/lab5_cpu/lab5_cpu.sim/sim_1/behav/xsim'
INFO: [SIM-utils-54] Inspecting design source files for 'tb' in fileset 'sim_1'...
INFO: [SIM-utils-43] Exported 'C:/Users/mi/Desktop/lab5_cpu/lab5_cpu.sim/sim_1/behav/xsim/DataMemory.mif'
INFO: [SIM-utils-43] Exported 'C:/Users/mi/Desktop/lab5_cpu/lab5_cpu.sim/sim_1/behav/xsim/data.coe'
INFO: [SIM-utils-43] Exported 'C:/Users/mi/Desktop/lab5_cpu/lab5_cpu.sim/sim_1/behav/xsim/InstructionMemory.mif'
INFO: [SIM-utils-43] Exported 'C:/Users/mi/Desktop/lab5_cpu/lab5_cpu.sim/sim_1/behav/xsim/ins.coe'
INFO: [USF-XSim-97] Finding global include files...
INFO: [USF-XSim-98] Fetching design files from 'sim_1'...
INFO: [USF-XSim-2] XSim::Compile design
INFO: [USF-XSim-61] Executing 'COMPILE and ANALYZE' step in 'C:/Users/mi/Desktop/lab5_cpu/lab5_cpu.sim/sim_1/behav/xsim'
"xvlog --incr --relax -prj tb_vlog.prj"
INFO: [VRFC 10-2263] Analyzing Verilog file "C:/Users/mi/Desktop/lab5_cpu/lab5_cpu.srcs/sources_1/ip/DataMemory/sim/DataMemory.v" into library xil_defaultlib
INFO: [VRFC 10-311] analyzing module DataMemory
INFO: [VRFC 10-2263] Analyzing Verilog file "C:/Users/mi/Desktop/lab5_cpu/lab5_cpu.srcs/sources_1/ip/InstructionMemory/sim/InstructionMemory.v" into library xil_defaultlib
INFO: [VRFC 10-311] analyzing module InstructionMemory
INFO: [VRFC 10-2263] Analyzing Verilog file "C:/Users/mi/Desktop/lab5_cpu/lab5_cpu.srcs/sources_1/new/CPU.v" into library xil_defaultlib
INFO: [VRFC 10-311] analyzing module CPU
INFO: [VRFC 10-2263] Analyzing Verilog file "C:/Users/mi/Desktop/lab5_cpu/lab5_cpu.srcs/sources_1/new/func.v" into library xil_defaultlib
INFO: [VRFC 10-311] analyzing module Mux2_5
INFO: [VRFC 10-311] analyzing module Mux2_32
INFO: [VRFC 10-311] analyzing module Mux2_9
INFO: [VRFC 10-311] analyzing module Mux3_32
INFO: [VRFC 10-311] analyzing module PC
INFO: [VRFC 10-311] analyzing module Registers
INFO: [VRFC 10-311] analyzing module Sign_extend
INFO: [VRFC 10-311] analyzing module ALU
INFO: [VRFC 10-311] analyzing module Control
INFO: [VRFC 10-311] analyzing module ALUControl
INFO: [VRFC 10-311] analyzing module ForwardingUnit
INFO: [VRFC 10-311] analyzing module HazardDetectionUnit
INFO: [VRFC 10-311] analyzing module IF_ID_Registers
INFO: [VRFC 10-311] analyzing module ID_EX_Registers
INFO: [VRFC 10-311] analyzing module EX_MEM_Registers
INFO: [VRFC 10-311] analyzing module MEM_WB_Registers
INFO: [VRFC 10-2263] Analyzing Verilog file "C:/Users/mi/Desktop/lab5_cpu/lab5_cpu.srcs/sim_1/new/tb.v" into library xil_defaultlib
INFO: [VRFC 10-311] analyzing module tb
INFO: [USF-XSim-69] 'compile' step finished in '3' seconds
INFO: [USF-XSim-3] XSim::Elaborate design
INFO: [USF-XSim-61] Executing 'ELABORATE' step in 'C:/Users/mi/Desktop/lab5_cpu/lab5_cpu.sim/sim_1/behav/xsim'
"xelab -wto b9aa6fe52c7d46f3a60d82952641c482 --incr --debug typical --relax --mt 2 -L dist_mem_gen_v8_0_13 -L xil_defaultlib -L unisims_ver -L unimacro_ver -L secureip -L xpm --snapshot tb_behav xil_defaultlib.tb xil_defaultlib.glbl -log elaborate.log"
Vivado Simulator 2019.1
Copyright 1986-1999, 2001-2019 Xilinx, Inc. All Rights Reserved.
Running: C:/Xilinx/Vivado/2019.1/bin/unwrapped/win64.o/xelab.exe -wto b9aa6fe52c7d46f3a60d82952641c482 --incr --debug typical --relax --mt 2 -L dist_mem_gen_v8_0_13 -L xil_defaultlib -L unisims_ver -L unimacro_ver -L secureip -L xpm --snapshot tb_behav xil_defaultlib.tb xil_defaultlib.glbl -log elaborate.log 
Using 2 slave threads.
Starting static elaboration
WARNING: [VRFC 10-3091] actual bit length 32 differs from formal bit length 9 for port 'in1' [C:/Users/mi/Desktop/lab5_cpu/lab5_cpu.srcs/sources_1/new/CPU.v:199]
Completed static elaboration
Starting simulation data flow analysis
Completed simulation data flow analysis
Time Resolution for simulation is 1ps
Compiling module xil_defaultlib.PC
Compiling module xil_defaultlib.Mux2_32
Compiling module dist_mem_gen_v8_0_13.dist_mem_gen_v8_0_13(C_FAMILY="a...
Compiling module xil_defaultlib.InstructionMemory
Compiling module xil_defaultlib.IF_ID_Registers
Compiling module xil_defaultlib.Control
Compiling module xil_defaultlib.Sign_extend
Compiling module xil_defaultlib.Registers
Compiling module xil_defaultlib.Mux2_9
Compiling module xil_defaultlib.HazardDetectionUnit
Compiling module xil_defaultlib.ID_EX_Registers
Compiling module xil_defaultlib.ForwardingUnit
Compiling module xil_defaultlib.Mux3_32
Compiling module xil_defaultlib.ALU
Compiling module xil_defaultlib.ALUControl
Compiling module xil_defaultlib.Mux2_5
Compiling module xil_defaultlib.EX_MEM_Registers
Compiling module dist_mem_gen_v8_0_13.dist_mem_gen_v8_0_13(C_FAMILY="a...
Compiling module xil_defaultlib.DataMemory
Compiling module xil_defaultlib.MEM_WB_Registers
Compiling module xil_defaultlib.CPU
Compiling module xil_defaultlib.tb
Compiling module xil_defaultlib.glbl
Built simulation snapshot tb_behav

****** Webtalk v2019.1 (64-bit)
  **** SW Build 2552052 on Fri May 24 14:49:42 MDT 2019
  **** IP Build 2548770 on Fri May 24 18:01:18 MDT 2019
    ** Copyright 1986-2019 Xilinx, Inc. All Rights Reserved.

source C:/Users/mi/Desktop/lab5_cpu/lab5_cpu.sim/sim_1/behav/xsim/xsim.dir/tb_behav/webtalk/xsim_webtalk.tcl -notrace
INFO: [Common 17-186] 'C:/Users/mi/Desktop/lab5_cpu/lab5_cpu.sim/sim_1/behav/xsim/xsim.dir/tb_behav/webtalk/usage_statistics_ext_xsim.xml' has been successfully sent to Xilinx on Wed Jun 10 07:06:25 2020. For additional details about this file, please refer to the WebTalk help file at C:/Xilinx/Vivado/2019.1/doc/webtalk_introduction.html.
INFO: [Common 17-206] Exiting Webtalk at Wed Jun 10 07:06:25 2020...
run_program: Time (s): cpu = 00:00:02 ; elapsed = 00:00:14 . Memory (MB): peak = 1022.086 ; gain = 0.000
INFO: [USF-XSim-69] 'elaborate' step finished in '14' seconds
INFO: [USF-XSim-4] XSim::Simulate design
INFO: [USF-XSim-61] Executing 'SIMULATE' step in 'C:/Users/mi/Desktop/lab5_cpu/lab5_cpu.sim/sim_1/behav/xsim'
INFO: [USF-XSim-98] *** Running xsim
   with args "tb_behav -key {Behavioral:sim_1:Functional:tb} -tclbatch {tb.tcl} -log {simulate.log}"
INFO: [USF-XSim-8] Loading simulator feature
Vivado Simulator 2019.1
Time resolution is 1 ps
source tb.tcl
# set curr_wave [current_wave_config]
# if { [string length $curr_wave] == 0 } {
#   if { [llength [get_objects]] > 0} {
#     add_wave /
#     set_property needs_save false [current_wave_config]
#   } else {
#      send_msg_id Add_Wave-1 WARNING "No top level signals found. Simulator will start without a wave window. If you want to open a wave window go to 'File->New Waveform Configuration' or type 'create_wave_config' in the TCL console."
#   }
# }
# run 1000ns
WARNING: This core is supplied with a behavioral model. To model cycle-accurate behavior you must run timing simulation.
WARNING: This core is supplied with a behavioral model. To model cycle-accurate behavior you must run timing simulation.
$finish called at time : 350 ns : File "C:/Users/mi/Desktop/lab5_cpu/lab5_cpu.srcs/sim_1/new/tb.v" Line 22
xsim: Time (s): cpu = 00:00:10 ; elapsed = 00:00:05 . Memory (MB): peak = 1022.086 ; gain = 0.000
INFO: [USF-XSim-96] XSim completed. Design snapshot 'tb_behav' loaded.
INFO: [USF-XSim-97] XSim simulation ran for 1000ns
launch_simulation: Time (s): cpu = 00:00:17 ; elapsed = 00:00:24 . Memory (MB): peak = 1022.086 ; gain = 0.000
current_wave_config {Untitled 1}
Untitled 1
add_wave {{/tb/cpu/IF_instruction}} 
current_wave_config {Untitled 1}
Untitled 1
add_wave {{/tb/cpu/ID_PCadd}} 
current_wave_config {Untitled 1}
Untitled 1
add_wave {{/tb/cpu/ID_instruction}} 
relaunch_sim
suspend_sim: Time (s): cpu = 00:00:01 ; elapsed = 00:00:12 . Memory (MB): peak = 1022.086 ; gain = 0.000
INFO: [Vivado 12-5698] Checking validity of IPs in the design for the 'XSim' simulator...
INFO: [Vivado 12-5682] Launching behavioral simulation in 'C:/Users/mi/Desktop/lab5_cpu/lab5_cpu.sim/sim_1/behav/xsim'
INFO: [Vivado 12-4795] Using compiled simulation libraries for IPs
INFO: [SIM-utils-51] Simulation object is 'sim_1'
INFO: [USF-XSim-7] Finding pre-compiled libraries...
INFO: [USF-XSim-11] File 'C:/Xilinx/Vivado/2019.1/data/xsim/xsim.ini' copied to run dir:'C:/Users/mi/Desktop/lab5_cpu/lab5_cpu.sim/sim_1/behav/xsim'
INFO: [SIM-utils-54] Inspecting design source files for 'tb' in fileset 'sim_1'...
INFO: [SIM-utils-43] Exported 'C:/Users/mi/Desktop/lab5_cpu/lab5_cpu.sim/sim_1/behav/xsim/DataMemory.mif'
INFO: [SIM-utils-43] Exported 'C:/Users/mi/Desktop/lab5_cpu/lab5_cpu.sim/sim_1/behav/xsim/data.coe'
INFO: [SIM-utils-43] Exported 'C:/Users/mi/Desktop/lab5_cpu/lab5_cpu.sim/sim_1/behav/xsim/InstructionMemory.mif'
INFO: [SIM-utils-43] Exported 'C:/Users/mi/Desktop/lab5_cpu/lab5_cpu.sim/sim_1/behav/xsim/ins.coe'
INFO: [USF-XSim-97] Finding global include files...
INFO: [USF-XSim-98] Fetching design files from 'sim_1'...
INFO: [USF-XSim-2] XSim::Compile design
INFO: [USF-XSim-61] Executing 'COMPILE and ANALYZE' step in 'C:/Users/mi/Desktop/lab5_cpu/lab5_cpu.sim/sim_1/behav/xsim'
"xvlog --incr --relax -prj tb_vlog.prj"
INFO: [VRFC 10-2263] Analyzing Verilog file "C:/Users/mi/Desktop/lab5_cpu/lab5_cpu.srcs/sources_1/ip/DataMemory/sim/DataMemory.v" into library xil_defaultlib
INFO: [VRFC 10-311] analyzing module DataMemory
INFO: [VRFC 10-2263] Analyzing Verilog file "C:/Users/mi/Desktop/lab5_cpu/lab5_cpu.srcs/sources_1/ip/InstructionMemory/sim/InstructionMemory.v" into library xil_defaultlib
INFO: [VRFC 10-311] analyzing module InstructionMemory
INFO: [VRFC 10-2263] Analyzing Verilog file "C:/Users/mi/Desktop/lab5_cpu/lab5_cpu.srcs/sources_1/new/CPU.v" into library xil_defaultlib
INFO: [VRFC 10-311] analyzing module CPU
INFO: [VRFC 10-2263] Analyzing Verilog file "C:/Users/mi/Desktop/lab5_cpu/lab5_cpu.srcs/sources_1/new/func.v" into library xil_defaultlib
INFO: [VRFC 10-311] analyzing module Mux2_5
INFO: [VRFC 10-311] analyzing module Mux2_32
INFO: [VRFC 10-311] analyzing module Mux2_9
INFO: [VRFC 10-311] analyzing module Mux3_32
INFO: [VRFC 10-311] analyzing module PC
INFO: [VRFC 10-311] analyzing module Registers
INFO: [VRFC 10-311] analyzing module Sign_extend
INFO: [VRFC 10-311] analyzing module ALU
INFO: [VRFC 10-311] analyzing module Control
INFO: [VRFC 10-311] analyzing module ALUControl
INFO: [VRFC 10-311] analyzing module ForwardingUnit
INFO: [VRFC 10-311] analyzing module HazardDetectionUnit
INFO: [VRFC 10-311] analyzing module IF_ID_Registers
INFO: [VRFC 10-311] analyzing module ID_EX_Registers
INFO: [VRFC 10-311] analyzing module EX_MEM_Registers
INFO: [VRFC 10-311] analyzing module MEM_WB_Registers
INFO: [VRFC 10-2263] Analyzing Verilog file "C:/Users/mi/Desktop/lab5_cpu/lab5_cpu.srcs/sim_1/new/tb.v" into library xil_defaultlib
INFO: [VRFC 10-311] analyzing module tb
INFO: [USF-XSim-69] 'compile' step finished in '2' seconds
INFO: [Vivado 12-5698] Checking validity of IPs in the design for the 'XSim' simulator...
INFO: [Vivado 12-5682] Launching behavioral simulation in 'C:/Users/mi/Desktop/lab5_cpu/lab5_cpu.sim/sim_1/behav/xsim'
INFO: [Vivado 12-4795] Using compiled simulation libraries for IPs
INFO: [USF-XSim-3] XSim::Elaborate design
INFO: [USF-XSim-61] Executing 'ELABORATE' step in 'C:/Users/mi/Desktop/lab5_cpu/lab5_cpu.sim/sim_1/behav/xsim'
"xelab -wto b9aa6fe52c7d46f3a60d82952641c482 --incr --debug typical --relax --mt 2 -L dist_mem_gen_v8_0_13 -L xil_defaultlib -L unisims_ver -L unimacro_ver -L secureip -L xpm --snapshot tb_behav xil_defaultlib.tb xil_defaultlib.glbl -log elaborate.log"
Vivado Simulator 2019.1
Copyright 1986-1999, 2001-2019 Xilinx, Inc. All Rights Reserved.
Running: C:/Xilinx/Vivado/2019.1/bin/unwrapped/win64.o/xelab.exe -wto b9aa6fe52c7d46f3a60d82952641c482 --incr --debug typical --relax --mt 2 -L dist_mem_gen_v8_0_13 -L xil_defaultlib -L unisims_ver -L unimacro_ver -L secureip -L xpm --snapshot tb_behav xil_defaultlib.tb xil_defaultlib.glbl -log elaborate.log 
Using 2 slave threads.
Starting static elaboration
WARNING: [VRFC 10-3091] actual bit length 32 differs from formal bit length 9 for port 'in1' [C:/Users/mi/Desktop/lab5_cpu/lab5_cpu.srcs/sources_1/new/CPU.v:199]
Completed static elaboration
Starting simulation data flow analysis
Completed simulation data flow analysis
Time Resolution for simulation is 1ps
Compiling module xil_defaultlib.PC
Compiling module xil_defaultlib.Mux2_32
Compiling module dist_mem_gen_v8_0_13.dist_mem_gen_v8_0_13(C_FAMILY="a...
Compiling module xil_defaultlib.InstructionMemory
Compiling module xil_defaultlib.IF_ID_Registers
Compiling module xil_defaultlib.Control
Compiling module xil_defaultlib.Sign_extend
Compiling module xil_defaultlib.Registers
Compiling module xil_defaultlib.Mux2_9
Compiling module xil_defaultlib.HazardDetectionUnit
Compiling module xil_defaultlib.ID_EX_Registers
Compiling module xil_defaultlib.ForwardingUnit
Compiling module xil_defaultlib.Mux3_32
Compiling module xil_defaultlib.ALU
Compiling module xil_defaultlib.ALUControl
Compiling module xil_defaultlib.Mux2_5
Compiling module xil_defaultlib.EX_MEM_Registers
Compiling module dist_mem_gen_v8_0_13.dist_mem_gen_v8_0_13(C_FAMILY="a...
Compiling module xil_defaultlib.DataMemory
Compiling module xil_defaultlib.MEM_WB_Registers
Compiling module xil_defaultlib.CPU
Compiling module xil_defaultlib.tb
Compiling module xil_defaultlib.glbl
Built simulation snapshot tb_behav
INFO: [USF-XSim-69] 'elaborate' step finished in '3' seconds
Vivado Simulator 2019.1
Time resolution is 1 ps
WARNING: This core is supplied with a behavioral model. To model cycle-accurate behavior you must run timing simulation.
WARNING: This core is supplied with a behavioral model. To model cycle-accurate behavior you must run timing simulation.
$finish called at time : 350 ns : File "C:/Users/mi/Desktop/lab5_cpu/lab5_cpu.srcs/sim_1/new/tb.v" Line 22
relaunch_sim: Time (s): cpu = 00:00:03 ; elapsed = 00:00:20 . Memory (MB): peak = 1022.086 ; gain = 0.000
close_sim
INFO: [Simtcl 6-16] Simulation closed
exit
INFO: [Common 17-206] Exiting Vivado at Wed Jun 10 07:11:49 2020...
