#-----------------------------------------------------------
# Vivado v2019.1 (64-bit)
# SW Build 2552052 on Fri May 24 14:49:42 MDT 2019
# IP Build 2548770 on Fri May 24 18:01:18 MDT 2019
# Start of session at: Sat Jun  6 17:37:59 2020
# Process ID: 3652
# Current directory: C:/Users/mi/Desktop/lab5_cpu
# Command line: vivado.exe -gui_launcher_event rodinguilauncherevent17056 C:\Users\mi\Desktop\lab5_cpu\lab5_cpu.xpr
# Log file: C:/Users/mi/Desktop/lab5_cpu/vivado.log
# Journal file: C:/Users/mi/Desktop/lab5_cpu\vivado.jou
#-----------------------------------------------------------
start_gui
open_project C:/Users/mi/Desktop/lab5_cpu/lab5_cpu.xpr
Scanning sources...
Finished scanning sources
INFO: [IP_Flow 19-234] Refreshing IP repositories
INFO: [IP_Flow 19-1704] No user IP repositories specified
INFO: [IP_Flow 19-2313] Loaded Vivado IP repository 'C:/Xilinx/Vivado/2019.1/data/ip'.
open_project: Time (s): cpu = 00:00:21 ; elapsed = 00:00:10 . Memory (MB): peak = 725.078 ; gain = 77.680
update_compile_order -fileset sources_1
generate_target Simulation [get_files C:/Users/mi/Desktop/lab5_cpu/lab5_cpu.srcs/sources_1/ip/DataMemory/DataMemory.xci]
INFO: [IP_Flow 19-1686] Generating 'Simulation' target for IP 'DataMemory'...
export_ip_user_files -of_objects [get_files C:/Users/mi/Desktop/lab5_cpu/lab5_cpu.srcs/sources_1/ip/DataMemory/DataMemory.xci] -no_script -sync -force -quiet
export_simulation -of_objects [get_files C:/Users/mi/Desktop/lab5_cpu/lab5_cpu.srcs/sources_1/ip/DataMemory/DataMemory.xci] -directory C:/Users/mi/Desktop/lab5_cpu/lab5_cpu.ip_user_files/sim_scripts -ip_user_files_dir C:/Users/mi/Desktop/lab5_cpu/lab5_cpu.ip_user_files -ipstatic_source_dir C:/Users/mi/Desktop/lab5_cpu/lab5_cpu.ip_user_files/ipstatic -lib_map_path [list {modelsim=C:/Users/mi/Desktop/lab5_cpu/lab5_cpu.cache/compile_simlib/modelsim} {questa=C:/Users/mi/Desktop/lab5_cpu/lab5_cpu.cache/compile_simlib/questa} {riviera=C:/Users/mi/Desktop/lab5_cpu/lab5_cpu.cache/compile_simlib/riviera} {activehdl=C:/Users/mi/Desktop/lab5_cpu/lab5_cpu.cache/compile_simlib/activehdl}] -use_ip_compiled_libs -force -quiet
generate_target Simulation [get_files C:/Users/mi/Desktop/lab5_cpu/lab5_cpu.srcs/sources_1/ip/InstructionMemory/InstructionMemory.xci]
INFO: [IP_Flow 19-1686] Generating 'Simulation' target for IP 'InstructionMemory'...
export_ip_user_files -of_objects [get_files C:/Users/mi/Desktop/lab5_cpu/lab5_cpu.srcs/sources_1/ip/InstructionMemory/InstructionMemory.xci] -no_script -sync -force -quiet
export_simulation -of_objects [get_files C:/Users/mi/Desktop/lab5_cpu/lab5_cpu.srcs/sources_1/ip/InstructionMemory/InstructionMemory.xci] -directory C:/Users/mi/Desktop/lab5_cpu/lab5_cpu.ip_user_files/sim_scripts -ip_user_files_dir C:/Users/mi/Desktop/lab5_cpu/lab5_cpu.ip_user_files -ipstatic_source_dir C:/Users/mi/Desktop/lab5_cpu/lab5_cpu.ip_user_files/ipstatic -lib_map_path [list {modelsim=C:/Users/mi/Desktop/lab5_cpu/lab5_cpu.cache/compile_simlib/modelsim} {questa=C:/Users/mi/Desktop/lab5_cpu/lab5_cpu.cache/compile_simlib/questa} {riviera=C:/Users/mi/Desktop/lab5_cpu/lab5_cpu.cache/compile_simlib/riviera} {activehdl=C:/Users/mi/Desktop/lab5_cpu/lab5_cpu.cache/compile_simlib/activehdl}] -use_ip_compiled_libs -force -quiet
launch_simulation
INFO: [Vivado 12-5698] Checking validity of IPs in the design for the 'XSim' simulator...
INFO: [Vivado 12-5682] Launching behavioral simulation in 'C:/Users/mi/Desktop/lab5_cpu/lab5_cpu.sim/sim_1/behav/xsim'
INFO: [Vivado 12-4795] Using compiled simulation libraries for IPs
INFO: [SIM-utils-51] Simulation object is 'sim_1'
INFO: [USF-XSim-7] Finding pre-compiled libraries...
INFO: [USF-XSim-11] File 'C:/Xilinx/Vivado/2019.1/data/xsim/xsim.ini' copied to run dir:'C:/Users/mi/Desktop/lab5_cpu/lab5_cpu.sim/sim_1/behav/xsim'
INFO: [SIM-utils-54] Inspecting design source files for 'tb' in fileset 'sim_1'...
INFO: [SIM-utils-43] Exported 'C:/Users/mi/Desktop/lab5_cpu/lab5_cpu.sim/sim_1/behav/xsim/DataMemory.mif'
INFO: [SIM-utils-43] Exported 'C:/Users/mi/Desktop/lab5_cpu/lab5_cpu.sim/sim_1/behav/xsim/data.coe'
INFO: [SIM-utils-43] Exported 'C:/Users/mi/Desktop/lab5_cpu/lab5_cpu.sim/sim_1/behav/xsim/InstructionMemory.mif'
INFO: [SIM-utils-43] Exported 'C:/Users/mi/Desktop/lab5_cpu/lab5_cpu.sim/sim_1/behav/xsim/ins.coe'
INFO: [USF-XSim-97] Finding global include files...
INFO: [USF-XSim-98] Fetching design files from 'sim_1'...
INFO: [USF-XSim-2] XSim::Compile design
INFO: [USF-XSim-61] Executing 'COMPILE and ANALYZE' step in 'C:/Users/mi/Desktop/lab5_cpu/lab5_cpu.sim/sim_1/behav/xsim'
"xvlog --incr --relax -prj tb_vlog.prj"
INFO: [VRFC 10-2263] Analyzing Verilog file "C:/Users/mi/Desktop/lab5_cpu/lab5_cpu.srcs/sources_1/ip/DataMemory/sim/DataMemory.v" into library xil_defaultlib
INFO: [VRFC 10-311] analyzing module DataMemory
INFO: [VRFC 10-2263] Analyzing Verilog file "C:/Users/mi/Desktop/lab5_cpu/lab5_cpu.srcs/sources_1/ip/InstructionMemory/sim/InstructionMemory.v" into library xil_defaultlib
INFO: [VRFC 10-311] analyzing module InstructionMemory
INFO: [VRFC 10-2263] Analyzing Verilog file "C:/Users/mi/Desktop/lab5_cpu/lab5_cpu.srcs/sources_1/new/CPU.v" into library xil_defaultlib
INFO: [VRFC 10-311] analyzing module CPU
INFO: [VRFC 10-2263] Analyzing Verilog file "C:/Users/mi/Desktop/lab5_cpu/lab5_cpu.srcs/sources_1/new/func.v" into library xil_defaultlib
INFO: [VRFC 10-311] analyzing module Mux2_5
INFO: [VRFC 10-311] analyzing module Mux2_32
INFO: [VRFC 10-311] analyzing module Mux2_9
INFO: [VRFC 10-311] analyzing module Mux3_32
INFO: [VRFC 10-311] analyzing module PC
INFO: [VRFC 10-311] analyzing module Registers
INFO: [VRFC 10-311] analyzing module Sign_extend
INFO: [VRFC 10-311] analyzing module ALU
INFO: [VRFC 10-311] analyzing module Control
INFO: [VRFC 10-311] analyzing module ALUControl
INFO: [VRFC 10-311] analyzing module ForwardingUnit
INFO: [VRFC 10-311] analyzing module HazardDetectionUnit
INFO: [VRFC 10-311] analyzing module IF_ID_Registers
INFO: [VRFC 10-311] analyzing module ID_EX_Registers
INFO: [VRFC 10-311] analyzing module EX_MEM_Registers
INFO: [VRFC 10-311] analyzing module MEM_WB_Registers
INFO: [VRFC 10-2263] Analyzing Verilog file "C:/Users/mi/Desktop/lab5_cpu/lab5_cpu.srcs/sim_1/new/tb.v" into library xil_defaultlib
INFO: [VRFC 10-311] analyzing module tb
INFO: [USF-XSim-69] 'compile' step finished in '2' seconds
INFO: [USF-XSim-3] XSim::Elaborate design
INFO: [USF-XSim-61] Executing 'ELABORATE' step in 'C:/Users/mi/Desktop/lab5_cpu/lab5_cpu.sim/sim_1/behav/xsim'
"xelab -wto b9aa6fe52c7d46f3a60d82952641c482 --incr --debug typical --relax --mt 2 -L dist_mem_gen_v8_0_13 -L xil_defaultlib -L unisims_ver -L unimacro_ver -L secureip -L xpm --snapshot tb_behav xil_defaultlib.tb xil_defaultlib.glbl -log elaborate.log"
Vivado Simulator 2019.1
Copyright 1986-1999, 2001-2019 Xilinx, Inc. All Rights Reserved.
Running: C:/Xilinx/Vivado/2019.1/bin/unwrapped/win64.o/xelab.exe -wto b9aa6fe52c7d46f3a60d82952641c482 --incr --debug typical --relax --mt 2 -L dist_mem_gen_v8_0_13 -L xil_defaultlib -L unisims_ver -L unimacro_ver -L secureip -L xpm --snapshot tb_behav xil_defaultlib.tb xil_defaultlib.glbl -log elaborate.log 
Using 2 slave threads.
Starting static elaboration
WARNING: [VRFC 10-3091] actual bit length 32 differs from formal bit length 9 for port 'in1' [C:/Users/mi/Desktop/lab5_cpu/lab5_cpu.srcs/sources_1/new/CPU.v:205]
Completed static elaboration
Starting simulation data flow analysis
Completed simulation data flow analysis
Time Resolution for simulation is 1ps
Compiling module xil_defaultlib.PC
Compiling module xil_defaultlib.Mux2_32
Compiling module dist_mem_gen_v8_0_13.dist_mem_gen_v8_0_13(C_FAMILY="a...
Compiling module xil_defaultlib.InstructionMemory
Compiling module xil_defaultlib.IF_ID_Registers
Compiling module xil_defaultlib.Control
Compiling module xil_defaultlib.Sign_extend
Compiling module xil_defaultlib.Registers
Compiling module xil_defaultlib.Mux2_9
Compiling module xil_defaultlib.HazardDetectionUnit
Compiling module xil_defaultlib.ID_EX_Registers
Compiling module xil_defaultlib.ForwardingUnit
Compiling module xil_defaultlib.Mux3_32
Compiling module xil_defaultlib.ALU
Compiling module xil_defaultlib.ALUControl
Compiling module xil_defaultlib.Mux2_5
Compiling module xil_defaultlib.EX_MEM_Registers
Compiling module dist_mem_gen_v8_0_13.dist_mem_gen_v8_0_13(C_FAMILY="a...
Compiling module xil_defaultlib.DataMemory
Compiling module xil_defaultlib.MEM_WB_Registers
Compiling module xil_defaultlib.CPU
Compiling module xil_defaultlib.tb
Compiling module xil_defaultlib.glbl
Built simulation snapshot tb_behav
INFO: [USF-XSim-69] 'elaborate' step finished in '4' seconds
INFO: [USF-XSim-4] XSim::Simulate design
INFO: [USF-XSim-61] Executing 'SIMULATE' step in 'C:/Users/mi/Desktop/lab5_cpu/lab5_cpu.sim/sim_1/behav/xsim'
INFO: [USF-XSim-98] *** Running xsim
   with args "tb_behav -key {Behavioral:sim_1:Functional:tb} -tclbatch {tb.tcl} -log {simulate.log}"
INFO: [USF-XSim-8] Loading simulator feature
Vivado Simulator 2019.1
Time resolution is 1 ps
source tb.tcl
# set curr_wave [current_wave_config]
# if { [string length $curr_wave] == 0 } {
#   if { [llength [get_objects]] > 0} {
#     add_wave /
#     set_property needs_save false [current_wave_config]
#   } else {
#      send_msg_id Add_Wave-1 WARNING "No top level signals found. Simulator will start without a wave window. If you want to open a wave window go to 'File->New Waveform Configuration' or type 'create_wave_config' in the TCL console."
#   }
# }
# run 1000ns
WARNING: This core is supplied with a behavioral model. To model cycle-accurate behavior you must run timing simulation.
WARNING: This core is supplied with a behavioral model. To model cycle-accurate behavior you must run timing simulation.
$finish called at time : 1 us : File "C:/Users/mi/Desktop/lab5_cpu/lab5_cpu.srcs/sim_1/new/tb.v" Line 22
xsim: Time (s): cpu = 00:00:14 ; elapsed = 00:00:06 . Memory (MB): peak = 767.004 ; gain = 14.605
INFO: [USF-XSim-96] XSim completed. Design snapshot 'tb_behav' loaded.
INFO: [USF-XSim-97] XSim simulation ran for 1000ns
launch_simulation: Time (s): cpu = 00:00:17 ; elapsed = 00:00:13 . Memory (MB): peak = 767.004 ; gain = 14.605
current_wave_config {Untitled 1}
Untitled 1
add_wave {{/tb/cpu/IF_instruction}} 
current_wave_config {Untitled 1}
Untitled 1
add_wave {{/tb/cpu/ID_instruction}} 
relaunch_sim
INFO: [Vivado 12-5698] Checking validity of IPs in the design for the 'XSim' simulator...
INFO: [Vivado 12-5682] Launching behavioral simulation in 'C:/Users/mi/Desktop/lab5_cpu/lab5_cpu.sim/sim_1/behav/xsim'
INFO: [Vivado 12-4795] Using compiled simulation libraries for IPs
INFO: [SIM-utils-51] Simulation object is 'sim_1'
INFO: [USF-XSim-7] Finding pre-compiled libraries...
INFO: [USF-XSim-11] File 'C:/Xilinx/Vivado/2019.1/data/xsim/xsim.ini' copied to run dir:'C:/Users/mi/Desktop/lab5_cpu/lab5_cpu.sim/sim_1/behav/xsim'
INFO: [SIM-utils-54] Inspecting design source files for 'tb' in fileset 'sim_1'...
INFO: [SIM-utils-43] Exported 'C:/Users/mi/Desktop/lab5_cpu/lab5_cpu.sim/sim_1/behav/xsim/DataMemory.mif'
INFO: [SIM-utils-43] Exported 'C:/Users/mi/Desktop/lab5_cpu/lab5_cpu.sim/sim_1/behav/xsim/data.coe'
INFO: [SIM-utils-43] Exported 'C:/Users/mi/Desktop/lab5_cpu/lab5_cpu.sim/sim_1/behav/xsim/InstructionMemory.mif'
INFO: [SIM-utils-43] Exported 'C:/Users/mi/Desktop/lab5_cpu/lab5_cpu.sim/sim_1/behav/xsim/ins.coe'
INFO: [USF-XSim-97] Finding global include files...
INFO: [USF-XSim-98] Fetching design files from 'sim_1'...
INFO: [USF-XSim-2] XSim::Compile design
INFO: [USF-XSim-61] Executing 'COMPILE and ANALYZE' step in 'C:/Users/mi/Desktop/lab5_cpu/lab5_cpu.sim/sim_1/behav/xsim'
"xvlog --incr --relax -prj tb_vlog.prj"
INFO: [VRFC 10-2263] Analyzing Verilog file "C:/Users/mi/Desktop/lab5_cpu/lab5_cpu.srcs/sources_1/ip/DataMemory/sim/DataMemory.v" into library xil_defaultlib
INFO: [VRFC 10-311] analyzing module DataMemory
INFO: [VRFC 10-2263] Analyzing Verilog file "C:/Users/mi/Desktop/lab5_cpu/lab5_cpu.srcs/sources_1/ip/InstructionMemory/sim/InstructionMemory.v" into library xil_defaultlib
INFO: [VRFC 10-311] analyzing module InstructionMemory
INFO: [VRFC 10-2263] Analyzing Verilog file "C:/Users/mi/Desktop/lab5_cpu/lab5_cpu.srcs/sources_1/new/CPU.v" into library xil_defaultlib
INFO: [VRFC 10-311] analyzing module CPU
INFO: [VRFC 10-2263] Analyzing Verilog file "C:/Users/mi/Desktop/lab5_cpu/lab5_cpu.srcs/sources_1/new/func.v" into library xil_defaultlib
INFO: [VRFC 10-311] analyzing module Mux2_5
INFO: [VRFC 10-311] analyzing module Mux2_32
INFO: [VRFC 10-311] analyzing module Mux2_9
INFO: [VRFC 10-311] analyzing module Mux3_32
INFO: [VRFC 10-311] analyzing module PC
INFO: [VRFC 10-311] analyzing module Registers
INFO: [VRFC 10-311] analyzing module Sign_extend
INFO: [VRFC 10-311] analyzing module ALU
INFO: [VRFC 10-311] analyzing module Control
INFO: [VRFC 10-311] analyzing module ALUControl
INFO: [VRFC 10-311] analyzing module ForwardingUnit
INFO: [VRFC 10-311] analyzing module HazardDetectionUnit
INFO: [VRFC 10-311] analyzing module IF_ID_Registers
INFO: [VRFC 10-311] analyzing module ID_EX_Registers
INFO: [VRFC 10-311] analyzing module EX_MEM_Registers
INFO: [VRFC 10-311] analyzing module MEM_WB_Registers
INFO: [VRFC 10-2263] Analyzing Verilog file "C:/Users/mi/Desktop/lab5_cpu/lab5_cpu.srcs/sim_1/new/tb.v" into library xil_defaultlib
INFO: [VRFC 10-311] analyzing module tb
INFO: [USF-XSim-69] 'compile' step finished in '2' seconds
INFO: [Vivado 12-5698] Checking validity of IPs in the design for the 'XSim' simulator...
INFO: [Vivado 12-5682] Launching behavioral simulation in 'C:/Users/mi/Desktop/lab5_cpu/lab5_cpu.sim/sim_1/behav/xsim'
INFO: [Vivado 12-4795] Using compiled simulation libraries for IPs
INFO: [USF-XSim-3] XSim::Elaborate design
INFO: [USF-XSim-61] Executing 'ELABORATE' step in 'C:/Users/mi/Desktop/lab5_cpu/lab5_cpu.sim/sim_1/behav/xsim'
"xelab -wto b9aa6fe52c7d46f3a60d82952641c482 --incr --debug typical --relax --mt 2 -L dist_mem_gen_v8_0_13 -L xil_defaultlib -L unisims_ver -L unimacro_ver -L secureip -L xpm --snapshot tb_behav xil_defaultlib.tb xil_defaultlib.glbl -log elaborate.log"
Vivado Simulator 2019.1
Copyright 1986-1999, 2001-2019 Xilinx, Inc. All Rights Reserved.
Running: C:/Xilinx/Vivado/2019.1/bin/unwrapped/win64.o/xelab.exe -wto b9aa6fe52c7d46f3a60d82952641c482 --incr --debug typical --relax --mt 2 -L dist_mem_gen_v8_0_13 -L xil_defaultlib -L unisims_ver -L unimacro_ver -L secureip -L xpm --snapshot tb_behav xil_defaultlib.tb xil_defaultlib.glbl -log elaborate.log 
Using 2 slave threads.
Starting static elaboration
WARNING: [VRFC 10-3091] actual bit length 32 differs from formal bit length 9 for port 'in1' [C:/Users/mi/Desktop/lab5_cpu/lab5_cpu.srcs/sources_1/new/CPU.v:205]
Completed static elaboration
Starting simulation data flow analysis
Completed simulation data flow analysis
Time Resolution for simulation is 1ps
Compiling module xil_defaultlib.PC
Compiling module xil_defaultlib.Mux2_32
Compiling module dist_mem_gen_v8_0_13.dist_mem_gen_v8_0_13(C_FAMILY="a...
Compiling module xil_defaultlib.InstructionMemory
Compiling module xil_defaultlib.IF_ID_Registers
Compiling module xil_defaultlib.Control
Compiling module xil_defaultlib.Sign_extend
Compiling module xil_defaultlib.Registers
Compiling module xil_defaultlib.Mux2_9
Compiling module xil_defaultlib.HazardDetectionUnit
Compiling module xil_defaultlib.ID_EX_Registers
Compiling module xil_defaultlib.ForwardingUnit
Compiling module xil_defaultlib.Mux3_32
Compiling module xil_defaultlib.ALU
Compiling module xil_defaultlib.ALUControl
Compiling module xil_defaultlib.Mux2_5
Compiling module xil_defaultlib.EX_MEM_Registers
Compiling module dist_mem_gen_v8_0_13.dist_mem_gen_v8_0_13(C_FAMILY="a...
Compiling module xil_defaultlib.DataMemory
Compiling module xil_defaultlib.MEM_WB_Registers
Compiling module xil_defaultlib.CPU
Compiling module xil_defaultlib.tb
Compiling module xil_defaultlib.glbl
Built simulation snapshot tb_behav
INFO: [USF-XSim-69] 'elaborate' step finished in '4' seconds
Vivado Simulator 2019.1
Time resolution is 1 ps
WARNING: This core is supplied with a behavioral model. To model cycle-accurate behavior you must run timing simulation.
WARNING: This core is supplied with a behavioral model. To model cycle-accurate behavior you must run timing simulation.
$finish called at time : 1 us : File "C:/Users/mi/Desktop/lab5_cpu/lab5_cpu.srcs/sim_1/new/tb.v" Line 22
relaunch_sim: Time (s): cpu = 00:00:05 ; elapsed = 00:00:10 . Memory (MB): peak = 776.184 ; gain = 0.000
current_wave_config {Untitled 1}
Untitled 1
add_wave {{/tb/cpu/m}} 
relaunch_sim
INFO: [Vivado 12-5698] Checking validity of IPs in the design for the 'XSim' simulator...
INFO: [Vivado 12-5682] Launching behavioral simulation in 'C:/Users/mi/Desktop/lab5_cpu/lab5_cpu.sim/sim_1/behav/xsim'
INFO: [Vivado 12-4795] Using compiled simulation libraries for IPs
INFO: [SIM-utils-51] Simulation object is 'sim_1'
INFO: [USF-XSim-7] Finding pre-compiled libraries...
INFO: [USF-XSim-11] File 'C:/Xilinx/Vivado/2019.1/data/xsim/xsim.ini' copied to run dir:'C:/Users/mi/Desktop/lab5_cpu/lab5_cpu.sim/sim_1/behav/xsim'
INFO: [SIM-utils-54] Inspecting design source files for 'tb' in fileset 'sim_1'...
INFO: [SIM-utils-43] Exported 'C:/Users/mi/Desktop/lab5_cpu/lab5_cpu.sim/sim_1/behav/xsim/DataMemory.mif'
INFO: [SIM-utils-43] Exported 'C:/Users/mi/Desktop/lab5_cpu/lab5_cpu.sim/sim_1/behav/xsim/data.coe'
INFO: [SIM-utils-43] Exported 'C:/Users/mi/Desktop/lab5_cpu/lab5_cpu.sim/sim_1/behav/xsim/InstructionMemory.mif'
INFO: [SIM-utils-43] Exported 'C:/Users/mi/Desktop/lab5_cpu/lab5_cpu.sim/sim_1/behav/xsim/ins.coe'
INFO: [USF-XSim-97] Finding global include files...
INFO: [USF-XSim-98] Fetching design files from 'sim_1'...
INFO: [USF-XSim-2] XSim::Compile design
INFO: [USF-XSim-61] Executing 'COMPILE and ANALYZE' step in 'C:/Users/mi/Desktop/lab5_cpu/lab5_cpu.sim/sim_1/behav/xsim'
"xvlog --incr --relax -prj tb_vlog.prj"
INFO: [USF-XSim-69] 'compile' step finished in '2' seconds
INFO: [Vivado 12-5698] Checking validity of IPs in the design for the 'XSim' simulator...
INFO: [Vivado 12-5682] Launching behavioral simulation in 'C:/Users/mi/Desktop/lab5_cpu/lab5_cpu.sim/sim_1/behav/xsim'
INFO: [Vivado 12-4795] Using compiled simulation libraries for IPs
INFO: [USF-XSim-3] XSim::Elaborate design
INFO: [USF-XSim-61] Executing 'ELABORATE' step in 'C:/Users/mi/Desktop/lab5_cpu/lab5_cpu.sim/sim_1/behav/xsim'
"xelab -wto b9aa6fe52c7d46f3a60d82952641c482 --incr --debug typical --relax --mt 2 -L dist_mem_gen_v8_0_13 -L xil_defaultlib -L unisims_ver -L unimacro_ver -L secureip -L xpm --snapshot tb_behav xil_defaultlib.tb xil_defaultlib.glbl -log elaborate.log"
Vivado Simulator 2019.1
Copyright 1986-1999, 2001-2019 Xilinx, Inc. All Rights Reserved.
Running: C:/Xilinx/Vivado/2019.1/bin/unwrapped/win64.o/xelab.exe -wto b9aa6fe52c7d46f3a60d82952641c482 --incr --debug typical --relax --mt 2 -L dist_mem_gen_v8_0_13 -L xil_defaultlib -L unisims_ver -L unimacro_ver -L secureip -L xpm --snapshot tb_behav xil_defaultlib.tb xil_defaultlib.glbl -log elaborate.log 
Using 2 slave threads.
Starting static elaboration
WARNING: [VRFC 10-3091] actual bit length 32 differs from formal bit length 9 for port 'in1' [C:/Users/mi/Desktop/lab5_cpu/lab5_cpu.srcs/sources_1/new/CPU.v:205]
Completed static elaboration
INFO: [XSIM 43-4323] No Change in HDL. Linking previously generated obj files to create kernel
INFO: [USF-XSim-69] 'elaborate' step finished in '3' seconds
Vivado Simulator 2019.1
Time resolution is 1 ps
WARNING: This core is supplied with a behavioral model. To model cycle-accurate behavior you must run timing simulation.
WARNING: This core is supplied with a behavioral model. To model cycle-accurate behavior you must run timing simulation.
$finish called at time : 1 us : File "C:/Users/mi/Desktop/lab5_cpu/lab5_cpu.srcs/sim_1/new/tb.v" Line 22
relaunch_sim: Time (s): cpu = 00:00:02 ; elapsed = 00:00:09 . Memory (MB): peak = 780.738 ; gain = 0.000
current_wave_config {Untitled 1}
Untitled 1
add_wave {{/tb/cpu/alu/a}} 
current_wave_config {Untitled 1}
Untitled 1
add_wave {{/tb/cpu/alu/b}} 
relaunch_sim
INFO: [Vivado 12-5698] Checking validity of IPs in the design for the 'XSim' simulator...
INFO: [Vivado 12-5682] Launching behavioral simulation in 'C:/Users/mi/Desktop/lab5_cpu/lab5_cpu.sim/sim_1/behav/xsim'
INFO: [Vivado 12-4795] Using compiled simulation libraries for IPs
INFO: [SIM-utils-51] Simulation object is 'sim_1'
INFO: [USF-XSim-7] Finding pre-compiled libraries...
INFO: [USF-XSim-11] File 'C:/Xilinx/Vivado/2019.1/data/xsim/xsim.ini' copied to run dir:'C:/Users/mi/Desktop/lab5_cpu/lab5_cpu.sim/sim_1/behav/xsim'
INFO: [SIM-utils-54] Inspecting design source files for 'tb' in fileset 'sim_1'...
INFO: [SIM-utils-43] Exported 'C:/Users/mi/Desktop/lab5_cpu/lab5_cpu.sim/sim_1/behav/xsim/DataMemory.mif'
INFO: [SIM-utils-43] Exported 'C:/Users/mi/Desktop/lab5_cpu/lab5_cpu.sim/sim_1/behav/xsim/data.coe'
INFO: [SIM-utils-43] Exported 'C:/Users/mi/Desktop/lab5_cpu/lab5_cpu.sim/sim_1/behav/xsim/InstructionMemory.mif'
INFO: [SIM-utils-43] Exported 'C:/Users/mi/Desktop/lab5_cpu/lab5_cpu.sim/sim_1/behav/xsim/ins.coe'
INFO: [USF-XSim-97] Finding global include files...
INFO: [USF-XSim-98] Fetching design files from 'sim_1'...
INFO: [USF-XSim-2] XSim::Compile design
INFO: [USF-XSim-61] Executing 'COMPILE and ANALYZE' step in 'C:/Users/mi/Desktop/lab5_cpu/lab5_cpu.sim/sim_1/behav/xsim'
"xvlog --incr --relax -prj tb_vlog.prj"
INFO: [USF-XSim-69] 'compile' step finished in '3' seconds
INFO: [Vivado 12-5698] Checking validity of IPs in the design for the 'XSim' simulator...
INFO: [Vivado 12-5682] Launching behavioral simulation in 'C:/Users/mi/Desktop/lab5_cpu/lab5_cpu.sim/sim_1/behav/xsim'
INFO: [Vivado 12-4795] Using compiled simulation libraries for IPs
INFO: [USF-XSim-3] XSim::Elaborate design
INFO: [USF-XSim-61] Executing 'ELABORATE' step in 'C:/Users/mi/Desktop/lab5_cpu/lab5_cpu.sim/sim_1/behav/xsim'
"xelab -wto b9aa6fe52c7d46f3a60d82952641c482 --incr --debug typical --relax --mt 2 -L dist_mem_gen_v8_0_13 -L xil_defaultlib -L unisims_ver -L unimacro_ver -L secureip -L xpm --snapshot tb_behav xil_defaultlib.tb xil_defaultlib.glbl -log elaborate.log"
Vivado Simulator 2019.1
Copyright 1986-1999, 2001-2019 Xilinx, Inc. All Rights Reserved.
Running: C:/Xilinx/Vivado/2019.1/bin/unwrapped/win64.o/xelab.exe -wto b9aa6fe52c7d46f3a60d82952641c482 --incr --debug typical --relax --mt 2 -L dist_mem_gen_v8_0_13 -L xil_defaultlib -L unisims_ver -L unimacro_ver -L secureip -L xpm --snapshot tb_behav xil_defaultlib.tb xil_defaultlib.glbl -log elaborate.log 
Using 2 slave threads.
Starting static elaboration
WARNING: [VRFC 10-3091] actual bit length 32 differs from formal bit length 9 for port 'in1' [C:/Users/mi/Desktop/lab5_cpu/lab5_cpu.srcs/sources_1/new/CPU.v:205]
Completed static elaboration
INFO: [XSIM 43-4323] No Change in HDL. Linking previously generated obj files to create kernel
INFO: [USF-XSim-69] 'elaborate' step finished in '3' seconds
Vivado Simulator 2019.1
Time resolution is 1 ps
WARNING: This core is supplied with a behavioral model. To model cycle-accurate behavior you must run timing simulation.
WARNING: This core is supplied with a behavioral model. To model cycle-accurate behavior you must run timing simulation.
$finish called at time : 1 us : File "C:/Users/mi/Desktop/lab5_cpu/lab5_cpu.srcs/sim_1/new/tb.v" Line 22
relaunch_sim: Time (s): cpu = 00:00:03 ; elapsed = 00:00:11 . Memory (MB): peak = 782.207 ; gain = 0.000
relaunch_sim
suspend_sim: Time (s): cpu = 00:00:02 ; elapsed = 00:00:12 . Memory (MB): peak = 798.863 ; gain = 0.000
INFO: [Vivado 12-5698] Checking validity of IPs in the design for the 'XSim' simulator...
INFO: [Vivado 12-5682] Launching behavioral simulation in 'C:/Users/mi/Desktop/lab5_cpu/lab5_cpu.sim/sim_1/behav/xsim'
INFO: [Vivado 12-4795] Using compiled simulation libraries for IPs
INFO: [SIM-utils-51] Simulation object is 'sim_1'
INFO: [USF-XSim-7] Finding pre-compiled libraries...
INFO: [USF-XSim-11] File 'C:/Xilinx/Vivado/2019.1/data/xsim/xsim.ini' copied to run dir:'C:/Users/mi/Desktop/lab5_cpu/lab5_cpu.sim/sim_1/behav/xsim'
INFO: [SIM-utils-54] Inspecting design source files for 'tb' in fileset 'sim_1'...
INFO: [SIM-utils-43] Exported 'C:/Users/mi/Desktop/lab5_cpu/lab5_cpu.sim/sim_1/behav/xsim/DataMemory.mif'
INFO: [SIM-utils-43] Exported 'C:/Users/mi/Desktop/lab5_cpu/lab5_cpu.sim/sim_1/behav/xsim/data.coe'
INFO: [SIM-utils-43] Exported 'C:/Users/mi/Desktop/lab5_cpu/lab5_cpu.sim/sim_1/behav/xsim/InstructionMemory.mif'
INFO: [SIM-utils-43] Exported 'C:/Users/mi/Desktop/lab5_cpu/lab5_cpu.sim/sim_1/behav/xsim/ins.coe'
INFO: [USF-XSim-97] Finding global include files...
INFO: [USF-XSim-98] Fetching design files from 'sim_1'...
INFO: [USF-XSim-2] XSim::Compile design
INFO: [USF-XSim-61] Executing 'COMPILE and ANALYZE' step in 'C:/Users/mi/Desktop/lab5_cpu/lab5_cpu.sim/sim_1/behav/xsim'
"xvlog --incr --relax -prj tb_vlog.prj"
INFO: [VRFC 10-2263] Analyzing Verilog file "C:/Users/mi/Desktop/lab5_cpu/lab5_cpu.srcs/sources_1/ip/DataMemory/sim/DataMemory.v" into library xil_defaultlib
INFO: [VRFC 10-311] analyzing module DataMemory
INFO: [VRFC 10-2263] Analyzing Verilog file "C:/Users/mi/Desktop/lab5_cpu/lab5_cpu.srcs/sources_1/ip/InstructionMemory/sim/InstructionMemory.v" into library xil_defaultlib
INFO: [VRFC 10-311] analyzing module InstructionMemory
INFO: [VRFC 10-2263] Analyzing Verilog file "C:/Users/mi/Desktop/lab5_cpu/lab5_cpu.srcs/sources_1/new/CPU.v" into library xil_defaultlib
INFO: [VRFC 10-311] analyzing module CPU
INFO: [VRFC 10-2263] Analyzing Verilog file "C:/Users/mi/Desktop/lab5_cpu/lab5_cpu.srcs/sources_1/new/func.v" into library xil_defaultlib
INFO: [VRFC 10-311] analyzing module Mux2_5
INFO: [VRFC 10-311] analyzing module Mux2_32
INFO: [VRFC 10-311] analyzing module Mux2_9
INFO: [VRFC 10-311] analyzing module Mux3_32
INFO: [VRFC 10-311] analyzing module PC
INFO: [VRFC 10-311] analyzing module Registers
INFO: [VRFC 10-311] analyzing module Sign_extend
INFO: [VRFC 10-311] analyzing module ALU
INFO: [VRFC 10-311] analyzing module Control
INFO: [VRFC 10-311] analyzing module ALUControl
INFO: [VRFC 10-311] analyzing module ForwardingUnit
INFO: [VRFC 10-311] analyzing module HazardDetectionUnit
INFO: [VRFC 10-311] analyzing module IF_ID_Registers
INFO: [VRFC 10-311] analyzing module ID_EX_Registers
INFO: [VRFC 10-311] analyzing module EX_MEM_Registers
INFO: [VRFC 10-311] analyzing module MEM_WB_Registers
INFO: [VRFC 10-2263] Analyzing Verilog file "C:/Users/mi/Desktop/lab5_cpu/lab5_cpu.srcs/sim_1/new/tb.v" into library xil_defaultlib
INFO: [VRFC 10-311] analyzing module tb
INFO: [USF-XSim-69] 'compile' step finished in '2' seconds
INFO: [Vivado 12-5698] Checking validity of IPs in the design for the 'XSim' simulator...
INFO: [Vivado 12-5682] Launching behavioral simulation in 'C:/Users/mi/Desktop/lab5_cpu/lab5_cpu.sim/sim_1/behav/xsim'
INFO: [Vivado 12-4795] Using compiled simulation libraries for IPs
INFO: [USF-XSim-3] XSim::Elaborate design
INFO: [USF-XSim-61] Executing 'ELABORATE' step in 'C:/Users/mi/Desktop/lab5_cpu/lab5_cpu.sim/sim_1/behav/xsim'
"xelab -wto b9aa6fe52c7d46f3a60d82952641c482 --incr --debug typical --relax --mt 2 -L dist_mem_gen_v8_0_13 -L xil_defaultlib -L unisims_ver -L unimacro_ver -L secureip -L xpm --snapshot tb_behav xil_defaultlib.tb xil_defaultlib.glbl -log elaborate.log"
Vivado Simulator 2019.1
Copyright 1986-1999, 2001-2019 Xilinx, Inc. All Rights Reserved.
Running: C:/Xilinx/Vivado/2019.1/bin/unwrapped/win64.o/xelab.exe -wto b9aa6fe52c7d46f3a60d82952641c482 --incr --debug typical --relax --mt 2 -L dist_mem_gen_v8_0_13 -L xil_defaultlib -L unisims_ver -L unimacro_ver -L secureip -L xpm --snapshot tb_behav xil_defaultlib.tb xil_defaultlib.glbl -log elaborate.log 
Using 2 slave threads.
Starting static elaboration
WARNING: [VRFC 10-3091] actual bit length 32 differs from formal bit length 9 for port 'in1' [C:/Users/mi/Desktop/lab5_cpu/lab5_cpu.srcs/sources_1/new/CPU.v:199]
Completed static elaboration
Starting simulation data flow analysis
Completed simulation data flow analysis
Time Resolution for simulation is 1ps
Compiling module xil_defaultlib.PC
Compiling module xil_defaultlib.Mux2_32
Compiling module dist_mem_gen_v8_0_13.dist_mem_gen_v8_0_13(C_FAMILY="a...
Compiling module xil_defaultlib.InstructionMemory
Compiling module xil_defaultlib.IF_ID_Registers
Compiling module xil_defaultlib.Control
Compiling module xil_defaultlib.Sign_extend
Compiling module xil_defaultlib.Registers
Compiling module xil_defaultlib.Mux2_9
Compiling module xil_defaultlib.HazardDetectionUnit
Compiling module xil_defaultlib.ID_EX_Registers
Compiling module xil_defaultlib.ForwardingUnit
Compiling module xil_defaultlib.Mux3_32
Compiling module xil_defaultlib.ALU
Compiling module xil_defaultlib.ALUControl
Compiling module xil_defaultlib.Mux2_5
Compiling module xil_defaultlib.EX_MEM_Registers
Compiling module dist_mem_gen_v8_0_13.dist_mem_gen_v8_0_13(C_FAMILY="a...
Compiling module xil_defaultlib.DataMemory
Compiling module xil_defaultlib.MEM_WB_Registers
Compiling module xil_defaultlib.CPU
Compiling module xil_defaultlib.tb
Compiling module xil_defaultlib.glbl
Built simulation snapshot tb_behav

****** Webtalk v2019.1 (64-bit)
  **** SW Build 2552052 on Fri May 24 14:49:42 MDT 2019
  **** IP Build 2548770 on Fri May 24 18:01:18 MDT 2019
    ** Copyright 1986-2019 Xilinx, Inc. All Rights Reserved.

source C:/Users/mi/Desktop/lab5_cpu/lab5_cpu.sim/sim_1/behav/xsim/xsim.dir/tb_behav/webtalk/xsim_webtalk.tcl -notrace
webtalk_transmit: Time (s): cpu = 00:00:00 ; elapsed = 00:00:08 . Memory (MB): peak = 109.105 ; gain = 17.500
INFO: [Common 17-206] Exiting Webtalk at Sun Jun  7 12:26:03 2020...
run_program: Time (s): cpu = 00:00:01 ; elapsed = 00:00:14 . Memory (MB): peak = 798.863 ; gain = 0.000
INFO: [USF-XSim-69] 'elaborate' step finished in '14' seconds
launch_simulation: Time (s): cpu = 00:00:01 ; elapsed = 00:00:14 . Memory (MB): peak = 798.863 ; gain = 0.000
Vivado Simulator 2019.1
Time resolution is 1 ps
WARNING: This core is supplied with a behavioral model. To model cycle-accurate behavior you must run timing simulation.
WARNING: This core is supplied with a behavioral model. To model cycle-accurate behavior you must run timing simulation.
$finish called at time : 1 us : File "C:/Users/mi/Desktop/lab5_cpu/lab5_cpu.srcs/sim_1/new/tb.v" Line 22
relaunch_sim: Time (s): cpu = 00:00:04 ; elapsed = 00:00:31 . Memory (MB): peak = 798.863 ; gain = 0.000
current_wave_config {Untitled 1}
Untitled 1
add_wave {{/tb/cpu/ram/a}} 
current_wave_config {Untitled 1}
Untitled 1
add_wave {{/tb/cpu/ram/d}} 
current_wave_config {Untitled 1}
Untitled 1
add_wave {{/tb/cpu/ram/clk}} 
current_wave_config {Untitled 1}
Untitled 1
add_wave {{/tb/cpu/ram/we}} 
current_wave_config {Untitled 1}
Untitled 1
add_wave {{/tb/cpu/ram/spo}} 
relaunch_sim
INFO: [Vivado 12-5698] Checking validity of IPs in the design for the 'XSim' simulator...
INFO: [Vivado 12-5682] Launching behavioral simulation in 'C:/Users/mi/Desktop/lab5_cpu/lab5_cpu.sim/sim_1/behav/xsim'
INFO: [Vivado 12-4795] Using compiled simulation libraries for IPs
INFO: [SIM-utils-51] Simulation object is 'sim_1'
INFO: [USF-XSim-7] Finding pre-compiled libraries...
INFO: [USF-XSim-11] File 'C:/Xilinx/Vivado/2019.1/data/xsim/xsim.ini' copied to run dir:'C:/Users/mi/Desktop/lab5_cpu/lab5_cpu.sim/sim_1/behav/xsim'
INFO: [SIM-utils-54] Inspecting design source files for 'tb' in fileset 'sim_1'...
INFO: [SIM-utils-43] Exported 'C:/Users/mi/Desktop/lab5_cpu/lab5_cpu.sim/sim_1/behav/xsim/DataMemory.mif'
INFO: [SIM-utils-43] Exported 'C:/Users/mi/Desktop/lab5_cpu/lab5_cpu.sim/sim_1/behav/xsim/data.coe'
INFO: [SIM-utils-43] Exported 'C:/Users/mi/Desktop/lab5_cpu/lab5_cpu.sim/sim_1/behav/xsim/InstructionMemory.mif'
INFO: [SIM-utils-43] Exported 'C:/Users/mi/Desktop/lab5_cpu/lab5_cpu.sim/sim_1/behav/xsim/ins.coe'
INFO: [USF-XSim-97] Finding global include files...
INFO: [USF-XSim-98] Fetching design files from 'sim_1'...
INFO: [USF-XSim-2] XSim::Compile design
INFO: [USF-XSim-61] Executing 'COMPILE and ANALYZE' step in 'C:/Users/mi/Desktop/lab5_cpu/lab5_cpu.sim/sim_1/behav/xsim'
"xvlog --incr --relax -prj tb_vlog.prj"
INFO: [VRFC 10-2263] Analyzing Verilog file "C:/Users/mi/Desktop/lab5_cpu/lab5_cpu.srcs/sources_1/ip/DataMemory/sim/DataMemory.v" into library xil_defaultlib
INFO: [VRFC 10-311] analyzing module DataMemory
INFO: [VRFC 10-2263] Analyzing Verilog file "C:/Users/mi/Desktop/lab5_cpu/lab5_cpu.srcs/sources_1/ip/InstructionMemory/sim/InstructionMemory.v" into library xil_defaultlib
INFO: [VRFC 10-311] analyzing module InstructionMemory
INFO: [VRFC 10-2263] Analyzing Verilog file "C:/Users/mi/Desktop/lab5_cpu/lab5_cpu.srcs/sources_1/new/CPU.v" into library xil_defaultlib
INFO: [VRFC 10-311] analyzing module CPU
INFO: [VRFC 10-2263] Analyzing Verilog file "C:/Users/mi/Desktop/lab5_cpu/lab5_cpu.srcs/sources_1/new/func.v" into library xil_defaultlib
INFO: [VRFC 10-311] analyzing module Mux2_5
INFO: [VRFC 10-311] analyzing module Mux2_32
INFO: [VRFC 10-311] analyzing module Mux2_9
INFO: [VRFC 10-311] analyzing module Mux3_32
INFO: [VRFC 10-311] analyzing module PC
INFO: [VRFC 10-311] analyzing module Registers
INFO: [VRFC 10-311] analyzing module Sign_extend
INFO: [VRFC 10-311] analyzing module ALU
INFO: [VRFC 10-311] analyzing module Control
INFO: [VRFC 10-311] analyzing module ALUControl
INFO: [VRFC 10-311] analyzing module ForwardingUnit
INFO: [VRFC 10-311] analyzing module HazardDetectionUnit
INFO: [VRFC 10-311] analyzing module IF_ID_Registers
INFO: [VRFC 10-311] analyzing module ID_EX_Registers
INFO: [VRFC 10-311] analyzing module EX_MEM_Registers
INFO: [VRFC 10-311] analyzing module MEM_WB_Registers
INFO: [VRFC 10-2263] Analyzing Verilog file "C:/Users/mi/Desktop/lab5_cpu/lab5_cpu.srcs/sim_1/new/tb.v" into library xil_defaultlib
INFO: [VRFC 10-311] analyzing module tb
INFO: [USF-XSim-69] 'compile' step finished in '2' seconds
INFO: [Vivado 12-5698] Checking validity of IPs in the design for the 'XSim' simulator...
INFO: [Vivado 12-5682] Launching behavioral simulation in 'C:/Users/mi/Desktop/lab5_cpu/lab5_cpu.sim/sim_1/behav/xsim'
INFO: [Vivado 12-4795] Using compiled simulation libraries for IPs
INFO: [USF-XSim-3] XSim::Elaborate design
INFO: [USF-XSim-61] Executing 'ELABORATE' step in 'C:/Users/mi/Desktop/lab5_cpu/lab5_cpu.sim/sim_1/behav/xsim'
"xelab -wto b9aa6fe52c7d46f3a60d82952641c482 --incr --debug typical --relax --mt 2 -L dist_mem_gen_v8_0_13 -L xil_defaultlib -L unisims_ver -L unimacro_ver -L secureip -L xpm --snapshot tb_behav xil_defaultlib.tb xil_defaultlib.glbl -log elaborate.log"
Vivado Simulator 2019.1
Copyright 1986-1999, 2001-2019 Xilinx, Inc. All Rights Reserved.
Running: C:/Xilinx/Vivado/2019.1/bin/unwrapped/win64.o/xelab.exe -wto b9aa6fe52c7d46f3a60d82952641c482 --incr --debug typical --relax --mt 2 -L dist_mem_gen_v8_0_13 -L xil_defaultlib -L unisims_ver -L unimacro_ver -L secureip -L xpm --snapshot tb_behav xil_defaultlib.tb xil_defaultlib.glbl -log elaborate.log 
Using 2 slave threads.
Starting static elaboration
WARNING: [VRFC 10-3091] actual bit length 32 differs from formal bit length 9 for port 'in1' [C:/Users/mi/Desktop/lab5_cpu/lab5_cpu.srcs/sources_1/new/CPU.v:199]
Completed static elaboration
Starting simulation data flow analysis
Completed simulation data flow analysis
Time Resolution for simulation is 1ps
Compiling module xil_defaultlib.PC
Compiling module xil_defaultlib.Mux2_32
Compiling module dist_mem_gen_v8_0_13.dist_mem_gen_v8_0_13(C_FAMILY="a...
Compiling module xil_defaultlib.InstructionMemory
Compiling module xil_defaultlib.IF_ID_Registers
Compiling module xil_defaultlib.Control
Compiling module xil_defaultlib.Sign_extend
Compiling module xil_defaultlib.Registers
Compiling module xil_defaultlib.Mux2_9
Compiling module xil_defaultlib.HazardDetectionUnit
Compiling module xil_defaultlib.ID_EX_Registers
Compiling module xil_defaultlib.ForwardingUnit
Compiling module xil_defaultlib.Mux3_32
Compiling module xil_defaultlib.ALU
Compiling module xil_defaultlib.ALUControl
Compiling module xil_defaultlib.Mux2_5
Compiling module xil_defaultlib.EX_MEM_Registers
Compiling module dist_mem_gen_v8_0_13.dist_mem_gen_v8_0_13(C_FAMILY="a...
Compiling module xil_defaultlib.DataMemory
Compiling module xil_defaultlib.MEM_WB_Registers
Compiling module xil_defaultlib.CPU
Compiling module xil_defaultlib.tb
Compiling module xil_defaultlib.glbl
Built simulation snapshot tb_behav
INFO: [USF-XSim-69] 'elaborate' step finished in '4' seconds
Vivado Simulator 2019.1
Time resolution is 1 ps
WARNING: This core is supplied with a behavioral model. To model cycle-accurate behavior you must run timing simulation.
WARNING: This core is supplied with a behavioral model. To model cycle-accurate behavior you must run timing simulation.
$finish called at time : 1 us : File "C:/Users/mi/Desktop/lab5_cpu/lab5_cpu.srcs/sim_1/new/tb.v" Line 22
relaunch_sim: Time (s): cpu = 00:00:02 ; elapsed = 00:00:10 . Memory (MB): peak = 798.863 ; gain = 0.000
relaunch_sim
INFO: [Vivado 12-5698] Checking validity of IPs in the design for the 'XSim' simulator...
INFO: [Vivado 12-5682] Launching behavioral simulation in 'C:/Users/mi/Desktop/lab5_cpu/lab5_cpu.sim/sim_1/behav/xsim'
INFO: [Vivado 12-4795] Using compiled simulation libraries for IPs
INFO: [SIM-utils-51] Simulation object is 'sim_1'
INFO: [USF-XSim-7] Finding pre-compiled libraries...
INFO: [USF-XSim-11] File 'C:/Xilinx/Vivado/2019.1/data/xsim/xsim.ini' copied to run dir:'C:/Users/mi/Desktop/lab5_cpu/lab5_cpu.sim/sim_1/behav/xsim'
INFO: [SIM-utils-54] Inspecting design source files for 'tb' in fileset 'sim_1'...
INFO: [SIM-utils-43] Exported 'C:/Users/mi/Desktop/lab5_cpu/lab5_cpu.sim/sim_1/behav/xsim/DataMemory.mif'
INFO: [SIM-utils-43] Exported 'C:/Users/mi/Desktop/lab5_cpu/lab5_cpu.sim/sim_1/behav/xsim/data.coe'
INFO: [SIM-utils-43] Exported 'C:/Users/mi/Desktop/lab5_cpu/lab5_cpu.sim/sim_1/behav/xsim/InstructionMemory.mif'
INFO: [SIM-utils-43] Exported 'C:/Users/mi/Desktop/lab5_cpu/lab5_cpu.sim/sim_1/behav/xsim/ins.coe'
INFO: [USF-XSim-97] Finding global include files...
INFO: [USF-XSim-98] Fetching design files from 'sim_1'...
INFO: [USF-XSim-2] XSim::Compile design
INFO: [USF-XSim-61] Executing 'COMPILE and ANALYZE' step in 'C:/Users/mi/Desktop/lab5_cpu/lab5_cpu.sim/sim_1/behav/xsim'
"xvlog --incr --relax -prj tb_vlog.prj"
INFO: [VRFC 10-2263] Analyzing Verilog file "C:/Users/mi/Desktop/lab5_cpu/lab5_cpu.srcs/sources_1/ip/DataMemory/sim/DataMemory.v" into library xil_defaultlib
INFO: [VRFC 10-311] analyzing module DataMemory
INFO: [VRFC 10-2263] Analyzing Verilog file "C:/Users/mi/Desktop/lab5_cpu/lab5_cpu.srcs/sources_1/ip/InstructionMemory/sim/InstructionMemory.v" into library xil_defaultlib
INFO: [VRFC 10-311] analyzing module InstructionMemory
INFO: [VRFC 10-2263] Analyzing Verilog file "C:/Users/mi/Desktop/lab5_cpu/lab5_cpu.srcs/sources_1/new/CPU.v" into library xil_defaultlib
INFO: [VRFC 10-311] analyzing module CPU
INFO: [VRFC 10-2263] Analyzing Verilog file "C:/Users/mi/Desktop/lab5_cpu/lab5_cpu.srcs/sources_1/new/func.v" into library xil_defaultlib
INFO: [VRFC 10-311] analyzing module Mux2_5
INFO: [VRFC 10-311] analyzing module Mux2_32
INFO: [VRFC 10-311] analyzing module Mux2_9
INFO: [VRFC 10-311] analyzing module Mux3_32
INFO: [VRFC 10-311] analyzing module PC
INFO: [VRFC 10-311] analyzing module Registers
INFO: [VRFC 10-311] analyzing module Sign_extend
INFO: [VRFC 10-311] analyzing module ALU
INFO: [VRFC 10-311] analyzing module Control
INFO: [VRFC 10-311] analyzing module ALUControl
INFO: [VRFC 10-311] analyzing module ForwardingUnit
INFO: [VRFC 10-311] analyzing module HazardDetectionUnit
INFO: [VRFC 10-311] analyzing module IF_ID_Registers
INFO: [VRFC 10-311] analyzing module ID_EX_Registers
INFO: [VRFC 10-311] analyzing module EX_MEM_Registers
INFO: [VRFC 10-311] analyzing module MEM_WB_Registers
INFO: [VRFC 10-2263] Analyzing Verilog file "C:/Users/mi/Desktop/lab5_cpu/lab5_cpu.srcs/sim_1/new/tb.v" into library xil_defaultlib
INFO: [VRFC 10-311] analyzing module tb
INFO: [USF-XSim-69] 'compile' step finished in '2' seconds
INFO: [Vivado 12-5698] Checking validity of IPs in the design for the 'XSim' simulator...
INFO: [Vivado 12-5682] Launching behavioral simulation in 'C:/Users/mi/Desktop/lab5_cpu/lab5_cpu.sim/sim_1/behav/xsim'
INFO: [Vivado 12-4795] Using compiled simulation libraries for IPs
INFO: [USF-XSim-3] XSim::Elaborate design
INFO: [USF-XSim-61] Executing 'ELABORATE' step in 'C:/Users/mi/Desktop/lab5_cpu/lab5_cpu.sim/sim_1/behav/xsim'
"xelab -wto b9aa6fe52c7d46f3a60d82952641c482 --incr --debug typical --relax --mt 2 -L dist_mem_gen_v8_0_13 -L xil_defaultlib -L unisims_ver -L unimacro_ver -L secureip -L xpm --snapshot tb_behav xil_defaultlib.tb xil_defaultlib.glbl -log elaborate.log"
Vivado Simulator 2019.1
Copyright 1986-1999, 2001-2019 Xilinx, Inc. All Rights Reserved.
Running: C:/Xilinx/Vivado/2019.1/bin/unwrapped/win64.o/xelab.exe -wto b9aa6fe52c7d46f3a60d82952641c482 --incr --debug typical --relax --mt 2 -L dist_mem_gen_v8_0_13 -L xil_defaultlib -L unisims_ver -L unimacro_ver -L secureip -L xpm --snapshot tb_behav xil_defaultlib.tb xil_defaultlib.glbl -log elaborate.log 
Using 2 slave threads.
Starting static elaboration
WARNING: [VRFC 10-3091] actual bit length 32 differs from formal bit length 9 for port 'in1' [C:/Users/mi/Desktop/lab5_cpu/lab5_cpu.srcs/sources_1/new/CPU.v:199]
Completed static elaboration
Starting simulation data flow analysis
Completed simulation data flow analysis
Time Resolution for simulation is 1ps
Compiling module xil_defaultlib.PC
Compiling module xil_defaultlib.Mux2_32
Compiling module dist_mem_gen_v8_0_13.dist_mem_gen_v8_0_13(C_FAMILY="a...
Compiling module xil_defaultlib.InstructionMemory
Compiling module xil_defaultlib.IF_ID_Registers
Compiling module xil_defaultlib.Control
Compiling module xil_defaultlib.Sign_extend
Compiling module xil_defaultlib.Registers
Compiling module xil_defaultlib.Mux2_9
Compiling module xil_defaultlib.HazardDetectionUnit
Compiling module xil_defaultlib.ID_EX_Registers
Compiling module xil_defaultlib.ForwardingUnit
Compiling module xil_defaultlib.Mux3_32
Compiling module xil_defaultlib.ALU
Compiling module xil_defaultlib.ALUControl
Compiling module xil_defaultlib.Mux2_5
Compiling module xil_defaultlib.EX_MEM_Registers
Compiling module dist_mem_gen_v8_0_13.dist_mem_gen_v8_0_13(C_FAMILY="a...
Compiling module xil_defaultlib.DataMemory
Compiling module xil_defaultlib.MEM_WB_Registers
Compiling module xil_defaultlib.CPU
Compiling module xil_defaultlib.tb
Compiling module xil_defaultlib.glbl
Built simulation snapshot tb_behav
INFO: [USF-XSim-69] 'elaborate' step finished in '4' seconds
Vivado Simulator 2019.1
Time resolution is 1 ps
WARNING: This core is supplied with a behavioral model. To model cycle-accurate behavior you must run timing simulation.
WARNING: This core is supplied with a behavioral model. To model cycle-accurate behavior you must run timing simulation.
$finish called at time : 350 ns : File "C:/Users/mi/Desktop/lab5_cpu/lab5_cpu.srcs/sim_1/new/tb.v" Line 22
relaunch_sim: Time (s): cpu = 00:00:02 ; elapsed = 00:00:10 . Memory (MB): peak = 798.863 ; gain = 0.000
current_wave_config {Untitled 1}
Untitled 1
add_wave {{/tb/cpu/ForwardC}} 
current_wave_config {Untitled 1}
Untitled 1
add_wave {{/tb/cpu/MUXtoData}} 
current_wave_config {Untitled 1}
Untitled 1
add_wave {{/tb/cpu/MEM_RegData1}} 
relaunch_sim
INFO: [Vivado 12-5698] Checking validity of IPs in the design for the 'XSim' simulator...
INFO: [Vivado 12-5682] Launching behavioral simulation in 'C:/Users/mi/Desktop/lab5_cpu/lab5_cpu.sim/sim_1/behav/xsim'
INFO: [Vivado 12-4795] Using compiled simulation libraries for IPs
INFO: [SIM-utils-51] Simulation object is 'sim_1'
INFO: [USF-XSim-7] Finding pre-compiled libraries...
INFO: [USF-XSim-11] File 'C:/Xilinx/Vivado/2019.1/data/xsim/xsim.ini' copied to run dir:'C:/Users/mi/Desktop/lab5_cpu/lab5_cpu.sim/sim_1/behav/xsim'
INFO: [SIM-utils-54] Inspecting design source files for 'tb' in fileset 'sim_1'...
INFO: [SIM-utils-43] Exported 'C:/Users/mi/Desktop/lab5_cpu/lab5_cpu.sim/sim_1/behav/xsim/DataMemory.mif'
INFO: [SIM-utils-43] Exported 'C:/Users/mi/Desktop/lab5_cpu/lab5_cpu.sim/sim_1/behav/xsim/data.coe'
INFO: [SIM-utils-43] Exported 'C:/Users/mi/Desktop/lab5_cpu/lab5_cpu.sim/sim_1/behav/xsim/InstructionMemory.mif'
INFO: [SIM-utils-43] Exported 'C:/Users/mi/Desktop/lab5_cpu/lab5_cpu.sim/sim_1/behav/xsim/ins.coe'
INFO: [USF-XSim-97] Finding global include files...
INFO: [USF-XSim-98] Fetching design files from 'sim_1'...
INFO: [USF-XSim-2] XSim::Compile design
INFO: [USF-XSim-61] Executing 'COMPILE and ANALYZE' step in 'C:/Users/mi/Desktop/lab5_cpu/lab5_cpu.sim/sim_1/behav/xsim'
"xvlog --incr --relax -prj tb_vlog.prj"
INFO: [USF-XSim-69] 'compile' step finished in '2' seconds
INFO: [Vivado 12-5698] Checking validity of IPs in the design for the 'XSim' simulator...
INFO: [Vivado 12-5682] Launching behavioral simulation in 'C:/Users/mi/Desktop/lab5_cpu/lab5_cpu.sim/sim_1/behav/xsim'
INFO: [Vivado 12-4795] Using compiled simulation libraries for IPs
INFO: [USF-XSim-3] XSim::Elaborate design
INFO: [USF-XSim-61] Executing 'ELABORATE' step in 'C:/Users/mi/Desktop/lab5_cpu/lab5_cpu.sim/sim_1/behav/xsim'
"xelab -wto b9aa6fe52c7d46f3a60d82952641c482 --incr --debug typical --relax --mt 2 -L dist_mem_gen_v8_0_13 -L xil_defaultlib -L unisims_ver -L unimacro_ver -L secureip -L xpm --snapshot tb_behav xil_defaultlib.tb xil_defaultlib.glbl -log elaborate.log"
Vivado Simulator 2019.1
Copyright 1986-1999, 2001-2019 Xilinx, Inc. All Rights Reserved.
Running: C:/Xilinx/Vivado/2019.1/bin/unwrapped/win64.o/xelab.exe -wto b9aa6fe52c7d46f3a60d82952641c482 --incr --debug typical --relax --mt 2 -L dist_mem_gen_v8_0_13 -L xil_defaultlib -L unisims_ver -L unimacro_ver -L secureip -L xpm --snapshot tb_behav xil_defaultlib.tb xil_defaultlib.glbl -log elaborate.log 
Using 2 slave threads.
Starting static elaboration
WARNING: [VRFC 10-3091] actual bit length 32 differs from formal bit length 9 for port 'in1' [C:/Users/mi/Desktop/lab5_cpu/lab5_cpu.srcs/sources_1/new/CPU.v:199]
Completed static elaboration
INFO: [XSIM 43-4323] No Change in HDL. Linking previously generated obj files to create kernel
INFO: [USF-XSim-69] 'elaborate' step finished in '2' seconds
Vivado Simulator 2019.1
Time resolution is 1 ps
WARNING: This core is supplied with a behavioral model. To model cycle-accurate behavior you must run timing simulation.
WARNING: This core is supplied with a behavioral model. To model cycle-accurate behavior you must run timing simulation.
$finish called at time : 350 ns : File "C:/Users/mi/Desktop/lab5_cpu/lab5_cpu.srcs/sim_1/new/tb.v" Line 22
relaunch_sim: Time (s): cpu = 00:00:02 ; elapsed = 00:00:09 . Memory (MB): peak = 828.277 ; gain = 0.000
current_wave_config {Untitled 1}
Untitled 1
add_wave {{/tb/cpu/MEM_MemWrite}} 
current_wave_config {Untitled 1}
Untitled 1
add_wave {{/tb/cpu/WB_RegWrite}} 
current_wave_config {Untitled 1}
Untitled 1
add_wave {{/tb/cpu/WB_Rd}} 
current_wave_config {Untitled 1}
Untitled 1
add_wave {{/tb/cpu/MEM_Rd}} 
relaunch_sim
INFO: [Vivado 12-5698] Checking validity of IPs in the design for the 'XSim' simulator...
INFO: [Vivado 12-5682] Launching behavioral simulation in 'C:/Users/mi/Desktop/lab5_cpu/lab5_cpu.sim/sim_1/behav/xsim'
INFO: [Vivado 12-4795] Using compiled simulation libraries for IPs
INFO: [SIM-utils-51] Simulation object is 'sim_1'
INFO: [USF-XSim-7] Finding pre-compiled libraries...
INFO: [USF-XSim-11] File 'C:/Xilinx/Vivado/2019.1/data/xsim/xsim.ini' copied to run dir:'C:/Users/mi/Desktop/lab5_cpu/lab5_cpu.sim/sim_1/behav/xsim'
INFO: [SIM-utils-54] Inspecting design source files for 'tb' in fileset 'sim_1'...
INFO: [SIM-utils-43] Exported 'C:/Users/mi/Desktop/lab5_cpu/lab5_cpu.sim/sim_1/behav/xsim/DataMemory.mif'
INFO: [SIM-utils-43] Exported 'C:/Users/mi/Desktop/lab5_cpu/lab5_cpu.sim/sim_1/behav/xsim/data.coe'
INFO: [SIM-utils-43] Exported 'C:/Users/mi/Desktop/lab5_cpu/lab5_cpu.sim/sim_1/behav/xsim/InstructionMemory.mif'
INFO: [SIM-utils-43] Exported 'C:/Users/mi/Desktop/lab5_cpu/lab5_cpu.sim/sim_1/behav/xsim/ins.coe'
INFO: [USF-XSim-97] Finding global include files...
INFO: [USF-XSim-98] Fetching design files from 'sim_1'...
INFO: [USF-XSim-2] XSim::Compile design
INFO: [USF-XSim-61] Executing 'COMPILE and ANALYZE' step in 'C:/Users/mi/Desktop/lab5_cpu/lab5_cpu.sim/sim_1/behav/xsim'
"xvlog --incr --relax -prj tb_vlog.prj"
INFO: [USF-XSim-69] 'compile' step finished in '2' seconds
INFO: [Vivado 12-5698] Checking validity of IPs in the design for the 'XSim' simulator...
INFO: [Vivado 12-5682] Launching behavioral simulation in 'C:/Users/mi/Desktop/lab5_cpu/lab5_cpu.sim/sim_1/behav/xsim'
INFO: [Vivado 12-4795] Using compiled simulation libraries for IPs
INFO: [USF-XSim-3] XSim::Elaborate design
INFO: [USF-XSim-61] Executing 'ELABORATE' step in 'C:/Users/mi/Desktop/lab5_cpu/lab5_cpu.sim/sim_1/behav/xsim'
"xelab -wto b9aa6fe52c7d46f3a60d82952641c482 --incr --debug typical --relax --mt 2 -L dist_mem_gen_v8_0_13 -L xil_defaultlib -L unisims_ver -L unimacro_ver -L secureip -L xpm --snapshot tb_behav xil_defaultlib.tb xil_defaultlib.glbl -log elaborate.log"
Vivado Simulator 2019.1
Copyright 1986-1999, 2001-2019 Xilinx, Inc. All Rights Reserved.
Running: C:/Xilinx/Vivado/2019.1/bin/unwrapped/win64.o/xelab.exe -wto b9aa6fe52c7d46f3a60d82952641c482 --incr --debug typical --relax --mt 2 -L dist_mem_gen_v8_0_13 -L xil_defaultlib -L unisims_ver -L unimacro_ver -L secureip -L xpm --snapshot tb_behav xil_defaultlib.tb xil_defaultlib.glbl -log elaborate.log 
Using 2 slave threads.
Starting static elaboration
WARNING: [VRFC 10-3091] actual bit length 32 differs from formal bit length 9 for port 'in1' [C:/Users/mi/Desktop/lab5_cpu/lab5_cpu.srcs/sources_1/new/CPU.v:199]
Completed static elaboration
INFO: [XSIM 43-4323] No Change in HDL. Linking previously generated obj files to create kernel
INFO: [USF-XSim-69] 'elaborate' step finished in '2' seconds
Vivado Simulator 2019.1
Time resolution is 1 ps
WARNING: This core is supplied with a behavioral model. To model cycle-accurate behavior you must run timing simulation.
WARNING: This core is supplied with a behavioral model. To model cycle-accurate behavior you must run timing simulation.
$finish called at time : 350 ns : File "C:/Users/mi/Desktop/lab5_cpu/lab5_cpu.srcs/sim_1/new/tb.v" Line 22
relaunch_sim: Time (s): cpu = 00:00:03 ; elapsed = 00:00:09 . Memory (MB): peak = 869.320 ; gain = 0.000
current_wave_config {Untitled 1}
Untitled 1
add_wave {{/tb/cpu/EX_Rtd}} 
current_wave_config {Untitled 1}
Untitled 1
add_wave {{/tb/cpu/EX_Rt}} 
current_wave_config {Untitled 1}
Untitled 1
add_wave {{/tb/cpu/EX_Rs}} 
relaunch_sim
INFO: [Vivado 12-5698] Checking validity of IPs in the design for the 'XSim' simulator...
INFO: [Vivado 12-5682] Launching behavioral simulation in 'C:/Users/mi/Desktop/lab5_cpu/lab5_cpu.sim/sim_1/behav/xsim'
INFO: [Vivado 12-4795] Using compiled simulation libraries for IPs
INFO: [SIM-utils-51] Simulation object is 'sim_1'
INFO: [USF-XSim-7] Finding pre-compiled libraries...
INFO: [USF-XSim-11] File 'C:/Xilinx/Vivado/2019.1/data/xsim/xsim.ini' copied to run dir:'C:/Users/mi/Desktop/lab5_cpu/lab5_cpu.sim/sim_1/behav/xsim'
INFO: [SIM-utils-54] Inspecting design source files for 'tb' in fileset 'sim_1'...
INFO: [SIM-utils-43] Exported 'C:/Users/mi/Desktop/lab5_cpu/lab5_cpu.sim/sim_1/behav/xsim/DataMemory.mif'
INFO: [SIM-utils-43] Exported 'C:/Users/mi/Desktop/lab5_cpu/lab5_cpu.sim/sim_1/behav/xsim/data.coe'
INFO: [SIM-utils-43] Exported 'C:/Users/mi/Desktop/lab5_cpu/lab5_cpu.sim/sim_1/behav/xsim/InstructionMemory.mif'
INFO: [SIM-utils-43] Exported 'C:/Users/mi/Desktop/lab5_cpu/lab5_cpu.sim/sim_1/behav/xsim/ins.coe'
INFO: [USF-XSim-97] Finding global include files...
INFO: [USF-XSim-98] Fetching design files from 'sim_1'...
INFO: [USF-XSim-2] XSim::Compile design
INFO: [USF-XSim-61] Executing 'COMPILE and ANALYZE' step in 'C:/Users/mi/Desktop/lab5_cpu/lab5_cpu.sim/sim_1/behav/xsim'
"xvlog --incr --relax -prj tb_vlog.prj"
INFO: [USF-XSim-69] 'compile' step finished in '2' seconds
INFO: [Vivado 12-5698] Checking validity of IPs in the design for the 'XSim' simulator...
INFO: [Vivado 12-5682] Launching behavioral simulation in 'C:/Users/mi/Desktop/lab5_cpu/lab5_cpu.sim/sim_1/behav/xsim'
INFO: [Vivado 12-4795] Using compiled simulation libraries for IPs
INFO: [USF-XSim-3] XSim::Elaborate design
INFO: [USF-XSim-61] Executing 'ELABORATE' step in 'C:/Users/mi/Desktop/lab5_cpu/lab5_cpu.sim/sim_1/behav/xsim'
"xelab -wto b9aa6fe52c7d46f3a60d82952641c482 --incr --debug typical --relax --mt 2 -L dist_mem_gen_v8_0_13 -L xil_defaultlib -L unisims_ver -L unimacro_ver -L secureip -L xpm --snapshot tb_behav xil_defaultlib.tb xil_defaultlib.glbl -log elaborate.log"
Vivado Simulator 2019.1
Copyright 1986-1999, 2001-2019 Xilinx, Inc. All Rights Reserved.
Running: C:/Xilinx/Vivado/2019.1/bin/unwrapped/win64.o/xelab.exe -wto b9aa6fe52c7d46f3a60d82952641c482 --incr --debug typical --relax --mt 2 -L dist_mem_gen_v8_0_13 -L xil_defaultlib -L unisims_ver -L unimacro_ver -L secureip -L xpm --snapshot tb_behav xil_defaultlib.tb xil_defaultlib.glbl -log elaborate.log 
Using 2 slave threads.
Starting static elaboration
WARNING: [VRFC 10-3091] actual bit length 32 differs from formal bit length 9 for port 'in1' [C:/Users/mi/Desktop/lab5_cpu/lab5_cpu.srcs/sources_1/new/CPU.v:199]
Completed static elaboration
INFO: [XSIM 43-4323] No Change in HDL. Linking previously generated obj files to create kernel
INFO: [USF-XSim-69] 'elaborate' step finished in '2' seconds
Vivado Simulator 2019.1
Time resolution is 1 ps
WARNING: This core is supplied with a behavioral model. To model cycle-accurate behavior you must run timing simulation.
WARNING: This core is supplied with a behavioral model. To model cycle-accurate behavior you must run timing simulation.
$finish called at time : 350 ns : File "C:/Users/mi/Desktop/lab5_cpu/lab5_cpu.srcs/sim_1/new/tb.v" Line 22
relaunch_sim: Time (s): cpu = 00:00:01 ; elapsed = 00:00:08 . Memory (MB): peak = 1275.477 ; gain = 0.000
relaunch_sim
INFO: [Vivado 12-5698] Checking validity of IPs in the design for the 'XSim' simulator...
INFO: [Vivado 12-5682] Launching behavioral simulation in 'C:/Users/mi/Desktop/lab5_cpu/lab5_cpu.sim/sim_1/behav/xsim'
INFO: [Vivado 12-4795] Using compiled simulation libraries for IPs
INFO: [SIM-utils-51] Simulation object is 'sim_1'
INFO: [USF-XSim-7] Finding pre-compiled libraries...
INFO: [USF-XSim-11] File 'C:/Xilinx/Vivado/2019.1/data/xsim/xsim.ini' copied to run dir:'C:/Users/mi/Desktop/lab5_cpu/lab5_cpu.sim/sim_1/behav/xsim'
INFO: [SIM-utils-54] Inspecting design source files for 'tb' in fileset 'sim_1'...
INFO: [SIM-utils-43] Exported 'C:/Users/mi/Desktop/lab5_cpu/lab5_cpu.sim/sim_1/behav/xsim/DataMemory.mif'
INFO: [SIM-utils-43] Exported 'C:/Users/mi/Desktop/lab5_cpu/lab5_cpu.sim/sim_1/behav/xsim/data.coe'
INFO: [SIM-utils-43] Exported 'C:/Users/mi/Desktop/lab5_cpu/lab5_cpu.sim/sim_1/behav/xsim/InstructionMemory.mif'
INFO: [SIM-utils-43] Exported 'C:/Users/mi/Desktop/lab5_cpu/lab5_cpu.sim/sim_1/behav/xsim/ins.coe'
INFO: [USF-XSim-97] Finding global include files...
INFO: [USF-XSim-98] Fetching design files from 'sim_1'...
INFO: [USF-XSim-2] XSim::Compile design
INFO: [USF-XSim-61] Executing 'COMPILE and ANALYZE' step in 'C:/Users/mi/Desktop/lab5_cpu/lab5_cpu.sim/sim_1/behav/xsim'
"xvlog --incr --relax -prj tb_vlog.prj"
INFO: [VRFC 10-2263] Analyzing Verilog file "C:/Users/mi/Desktop/lab5_cpu/lab5_cpu.srcs/sources_1/ip/DataMemory/sim/DataMemory.v" into library xil_defaultlib
INFO: [VRFC 10-311] analyzing module DataMemory
INFO: [VRFC 10-2263] Analyzing Verilog file "C:/Users/mi/Desktop/lab5_cpu/lab5_cpu.srcs/sources_1/ip/InstructionMemory/sim/InstructionMemory.v" into library xil_defaultlib
INFO: [VRFC 10-311] analyzing module InstructionMemory
INFO: [VRFC 10-2263] Analyzing Verilog file "C:/Users/mi/Desktop/lab5_cpu/lab5_cpu.srcs/sources_1/new/CPU.v" into library xil_defaultlib
INFO: [VRFC 10-311] analyzing module CPU
INFO: [VRFC 10-2263] Analyzing Verilog file "C:/Users/mi/Desktop/lab5_cpu/lab5_cpu.srcs/sources_1/new/func.v" into library xil_defaultlib
INFO: [VRFC 10-311] analyzing module Mux2_5
INFO: [VRFC 10-311] analyzing module Mux2_32
INFO: [VRFC 10-311] analyzing module Mux2_9
INFO: [VRFC 10-311] analyzing module Mux3_32
INFO: [VRFC 10-311] analyzing module PC
INFO: [VRFC 10-311] analyzing module Registers
INFO: [VRFC 10-311] analyzing module Sign_extend
INFO: [VRFC 10-311] analyzing module ALU
INFO: [VRFC 10-311] analyzing module Control
INFO: [VRFC 10-311] analyzing module ALUControl
INFO: [VRFC 10-311] analyzing module ForwardingUnit
INFO: [VRFC 10-311] analyzing module HazardDetectionUnit
INFO: [VRFC 10-311] analyzing module IF_ID_Registers
INFO: [VRFC 10-311] analyzing module ID_EX_Registers
INFO: [VRFC 10-311] analyzing module EX_MEM_Registers
INFO: [VRFC 10-311] analyzing module MEM_WB_Registers
INFO: [VRFC 10-2263] Analyzing Verilog file "C:/Users/mi/Desktop/lab5_cpu/lab5_cpu.srcs/sim_1/new/tb.v" into library xil_defaultlib
INFO: [VRFC 10-311] analyzing module tb
INFO: [USF-XSim-69] 'compile' step finished in '3' seconds
INFO: [Vivado 12-5698] Checking validity of IPs in the design for the 'XSim' simulator...
INFO: [Vivado 12-5682] Launching behavioral simulation in 'C:/Users/mi/Desktop/lab5_cpu/lab5_cpu.sim/sim_1/behav/xsim'
INFO: [Vivado 12-4795] Using compiled simulation libraries for IPs
INFO: [USF-XSim-3] XSim::Elaborate design
INFO: [USF-XSim-61] Executing 'ELABORATE' step in 'C:/Users/mi/Desktop/lab5_cpu/lab5_cpu.sim/sim_1/behav/xsim'
"xelab -wto b9aa6fe52c7d46f3a60d82952641c482 --incr --debug typical --relax --mt 2 -L dist_mem_gen_v8_0_13 -L xil_defaultlib -L unisims_ver -L unimacro_ver -L secureip -L xpm --snapshot tb_behav xil_defaultlib.tb xil_defaultlib.glbl -log elaborate.log"
Vivado Simulator 2019.1
Copyright 1986-1999, 2001-2019 Xilinx, Inc. All Rights Reserved.
Running: C:/Xilinx/Vivado/2019.1/bin/unwrapped/win64.o/xelab.exe -wto b9aa6fe52c7d46f3a60d82952641c482 --incr --debug typical --relax --mt 2 -L dist_mem_gen_v8_0_13 -L xil_defaultlib -L unisims_ver -L unimacro_ver -L secureip -L xpm --snapshot tb_behav xil_defaultlib.tb xil_defaultlib.glbl -log elaborate.log 
Using 2 slave threads.
Starting static elaboration
WARNING: [VRFC 10-3091] actual bit length 32 differs from formal bit length 9 for port 'in1' [C:/Users/mi/Desktop/lab5_cpu/lab5_cpu.srcs/sources_1/new/CPU.v:199]
Completed static elaboration
Starting simulation data flow analysis
Completed simulation data flow analysis
Time Resolution for simulation is 1ps
Compiling module xil_defaultlib.PC
Compiling module xil_defaultlib.Mux2_32
Compiling module dist_mem_gen_v8_0_13.dist_mem_gen_v8_0_13(C_FAMILY="a...
Compiling module xil_defaultlib.InstructionMemory
Compiling module xil_defaultlib.IF_ID_Registers
Compiling module xil_defaultlib.Control
Compiling module xil_defaultlib.Sign_extend
Compiling module xil_defaultlib.Registers
Compiling module xil_defaultlib.Mux2_9
Compiling module xil_defaultlib.HazardDetectionUnit
Compiling module xil_defaultlib.ID_EX_Registers
Compiling module xil_defaultlib.ForwardingUnit
Compiling module xil_defaultlib.Mux3_32
Compiling module xil_defaultlib.ALU
Compiling module xil_defaultlib.ALUControl
Compiling module xil_defaultlib.Mux2_5
Compiling module xil_defaultlib.EX_MEM_Registers
Compiling module dist_mem_gen_v8_0_13.dist_mem_gen_v8_0_13(C_FAMILY="a...
Compiling module xil_defaultlib.DataMemory
Compiling module xil_defaultlib.MEM_WB_Registers
Compiling module xil_defaultlib.CPU
Compiling module xil_defaultlib.tb
Compiling module xil_defaultlib.glbl
Built simulation snapshot tb_behav
INFO: [USF-XSim-69] 'elaborate' step finished in '3' seconds
Vivado Simulator 2019.1
Time resolution is 1 ps
WARNING: This core is supplied with a behavioral model. To model cycle-accurate behavior you must run timing simulation.
WARNING: This core is supplied with a behavioral model. To model cycle-accurate behavior you must run timing simulation.
$finish called at time : 350 ns : File "C:/Users/mi/Desktop/lab5_cpu/lab5_cpu.srcs/sim_1/new/tb.v" Line 22
relaunch_sim: Time (s): cpu = 00:00:02 ; elapsed = 00:00:09 . Memory (MB): peak = 1275.477 ; gain = 0.000
current_wave_config {Untitled 1}
Untitled 1
add_wave {{/tb/cpu/cur_addr}} 
current_wave_config {Untitled 1}
Untitled 1
add_wave {{/tb/cpu/jump}} 
relaunch_sim
INFO: [Vivado 12-5698] Checking validity of IPs in the design for the 'XSim' simulator...
INFO: [Vivado 12-5682] Launching behavioral simulation in 'C:/Users/mi/Desktop/lab5_cpu/lab5_cpu.sim/sim_1/behav/xsim'
INFO: [Vivado 12-4795] Using compiled simulation libraries for IPs
INFO: [SIM-utils-51] Simulation object is 'sim_1'
INFO: [USF-XSim-7] Finding pre-compiled libraries...
INFO: [USF-XSim-11] File 'C:/Xilinx/Vivado/2019.1/data/xsim/xsim.ini' copied to run dir:'C:/Users/mi/Desktop/lab5_cpu/lab5_cpu.sim/sim_1/behav/xsim'
INFO: [SIM-utils-54] Inspecting design source files for 'tb' in fileset 'sim_1'...
INFO: [SIM-utils-43] Exported 'C:/Users/mi/Desktop/lab5_cpu/lab5_cpu.sim/sim_1/behav/xsim/DataMemory.mif'
INFO: [SIM-utils-43] Exported 'C:/Users/mi/Desktop/lab5_cpu/lab5_cpu.sim/sim_1/behav/xsim/data.coe'
INFO: [SIM-utils-43] Exported 'C:/Users/mi/Desktop/lab5_cpu/lab5_cpu.sim/sim_1/behav/xsim/InstructionMemory.mif'
INFO: [SIM-utils-43] Exported 'C:/Users/mi/Desktop/lab5_cpu/lab5_cpu.sim/sim_1/behav/xsim/ins.coe'
INFO: [USF-XSim-97] Finding global include files...
INFO: [USF-XSim-98] Fetching design files from 'sim_1'...
INFO: [USF-XSim-2] XSim::Compile design
INFO: [USF-XSim-61] Executing 'COMPILE and ANALYZE' step in 'C:/Users/mi/Desktop/lab5_cpu/lab5_cpu.sim/sim_1/behav/xsim'
"xvlog --incr --relax -prj tb_vlog.prj"
INFO: [USF-XSim-69] 'compile' step finished in '2' seconds
INFO: [Vivado 12-5698] Checking validity of IPs in the design for the 'XSim' simulator...
INFO: [Vivado 12-5682] Launching behavioral simulation in 'C:/Users/mi/Desktop/lab5_cpu/lab5_cpu.sim/sim_1/behav/xsim'
INFO: [Vivado 12-4795] Using compiled simulation libraries for IPs
INFO: [USF-XSim-3] XSim::Elaborate design
INFO: [USF-XSim-61] Executing 'ELABORATE' step in 'C:/Users/mi/Desktop/lab5_cpu/lab5_cpu.sim/sim_1/behav/xsim'
"xelab -wto b9aa6fe52c7d46f3a60d82952641c482 --incr --debug typical --relax --mt 2 -L dist_mem_gen_v8_0_13 -L xil_defaultlib -L unisims_ver -L unimacro_ver -L secureip -L xpm --snapshot tb_behav xil_defaultlib.tb xil_defaultlib.glbl -log elaborate.log"
Vivado Simulator 2019.1
Copyright 1986-1999, 2001-2019 Xilinx, Inc. All Rights Reserved.
Running: C:/Xilinx/Vivado/2019.1/bin/unwrapped/win64.o/xelab.exe -wto b9aa6fe52c7d46f3a60d82952641c482 --incr --debug typical --relax --mt 2 -L dist_mem_gen_v8_0_13 -L xil_defaultlib -L unisims_ver -L unimacro_ver -L secureip -L xpm --snapshot tb_behav xil_defaultlib.tb xil_defaultlib.glbl -log elaborate.log 
Using 2 slave threads.
Starting static elaboration
WARNING: [VRFC 10-3091] actual bit length 32 differs from formal bit length 9 for port 'in1' [C:/Users/mi/Desktop/lab5_cpu/lab5_cpu.srcs/sources_1/new/CPU.v:199]
Completed static elaboration
INFO: [XSIM 43-4323] No Change in HDL. Linking previously generated obj files to create kernel
INFO: [USF-XSim-69] 'elaborate' step finished in '3' seconds
Vivado Simulator 2019.1
Time resolution is 1 ps
WARNING: This core is supplied with a behavioral model. To model cycle-accurate behavior you must run timing simulation.
WARNING: This core is supplied with a behavioral model. To model cycle-accurate behavior you must run timing simulation.
$finish called at time : 350 ns : File "C:/Users/mi/Desktop/lab5_cpu/lab5_cpu.srcs/sim_1/new/tb.v" Line 22
relaunch_sim: Time (s): cpu = 00:00:01 ; elapsed = 00:00:08 . Memory (MB): peak = 1275.477 ; gain = 0.000
current_wave_config {Untitled 1}
Untitled 1
add_wave {{/tb/cpu/registers/ra0}} 
current_wave_config {Untitled 1}
Untitled 1
add_wave {{/tb/cpu/registers/rd0}} 
current_wave_config {Untitled 1}
Untitled 1
add_wave {{/tb/cpu/registers/ra1}} 
current_wave_config {Untitled 1}
Untitled 1
add_wave {{/tb/cpu/registers/rd1}} 
relaunch_sim
INFO: [Vivado 12-5698] Checking validity of IPs in the design for the 'XSim' simulator...
INFO: [Vivado 12-5682] Launching behavioral simulation in 'C:/Users/mi/Desktop/lab5_cpu/lab5_cpu.sim/sim_1/behav/xsim'
INFO: [Vivado 12-4795] Using compiled simulation libraries for IPs
INFO: [SIM-utils-51] Simulation object is 'sim_1'
INFO: [USF-XSim-7] Finding pre-compiled libraries...
INFO: [USF-XSim-11] File 'C:/Xilinx/Vivado/2019.1/data/xsim/xsim.ini' copied to run dir:'C:/Users/mi/Desktop/lab5_cpu/lab5_cpu.sim/sim_1/behav/xsim'
INFO: [SIM-utils-54] Inspecting design source files for 'tb' in fileset 'sim_1'...
INFO: [SIM-utils-43] Exported 'C:/Users/mi/Desktop/lab5_cpu/lab5_cpu.sim/sim_1/behav/xsim/DataMemory.mif'
INFO: [SIM-utils-43] Exported 'C:/Users/mi/Desktop/lab5_cpu/lab5_cpu.sim/sim_1/behav/xsim/data.coe'
INFO: [SIM-utils-43] Exported 'C:/Users/mi/Desktop/lab5_cpu/lab5_cpu.sim/sim_1/behav/xsim/InstructionMemory.mif'
INFO: [SIM-utils-43] Exported 'C:/Users/mi/Desktop/lab5_cpu/lab5_cpu.sim/sim_1/behav/xsim/ins.coe'
INFO: [USF-XSim-97] Finding global include files...
INFO: [USF-XSim-98] Fetching design files from 'sim_1'...
INFO: [USF-XSim-2] XSim::Compile design
INFO: [USF-XSim-61] Executing 'COMPILE and ANALYZE' step in 'C:/Users/mi/Desktop/lab5_cpu/lab5_cpu.sim/sim_1/behav/xsim'
"xvlog --incr --relax -prj tb_vlog.prj"
INFO: [USF-XSim-69] 'compile' step finished in '2' seconds
INFO: [Vivado 12-5698] Checking validity of IPs in the design for the 'XSim' simulator...
INFO: [Vivado 12-5682] Launching behavioral simulation in 'C:/Users/mi/Desktop/lab5_cpu/lab5_cpu.sim/sim_1/behav/xsim'
INFO: [Vivado 12-4795] Using compiled simulation libraries for IPs
INFO: [USF-XSim-3] XSim::Elaborate design
INFO: [USF-XSim-61] Executing 'ELABORATE' step in 'C:/Users/mi/Desktop/lab5_cpu/lab5_cpu.sim/sim_1/behav/xsim'
"xelab -wto b9aa6fe52c7d46f3a60d82952641c482 --incr --debug typical --relax --mt 2 -L dist_mem_gen_v8_0_13 -L xil_defaultlib -L unisims_ver -L unimacro_ver -L secureip -L xpm --snapshot tb_behav xil_defaultlib.tb xil_defaultlib.glbl -log elaborate.log"
Vivado Simulator 2019.1
Copyright 1986-1999, 2001-2019 Xilinx, Inc. All Rights Reserved.
Running: C:/Xilinx/Vivado/2019.1/bin/unwrapped/win64.o/xelab.exe -wto b9aa6fe52c7d46f3a60d82952641c482 --incr --debug typical --relax --mt 2 -L dist_mem_gen_v8_0_13 -L xil_defaultlib -L unisims_ver -L unimacro_ver -L secureip -L xpm --snapshot tb_behav xil_defaultlib.tb xil_defaultlib.glbl -log elaborate.log 
Using 2 slave threads.
Starting static elaboration
WARNING: [VRFC 10-3091] actual bit length 32 differs from formal bit length 9 for port 'in1' [C:/Users/mi/Desktop/lab5_cpu/lab5_cpu.srcs/sources_1/new/CPU.v:199]
Completed static elaboration
INFO: [XSIM 43-4323] No Change in HDL. Linking previously generated obj files to create kernel
INFO: [USF-XSim-69] 'elaborate' step finished in '3' seconds
Vivado Simulator 2019.1
Time resolution is 1 ps
WARNING: This core is supplied with a behavioral model. To model cycle-accurate behavior you must run timing simulation.
WARNING: This core is supplied with a behavioral model. To model cycle-accurate behavior you must run timing simulation.
$finish called at time : 350 ns : File "C:/Users/mi/Desktop/lab5_cpu/lab5_cpu.srcs/sim_1/new/tb.v" Line 22
relaunch_sim: Time (s): cpu = 00:00:02 ; elapsed = 00:00:09 . Memory (MB): peak = 1275.477 ; gain = 0.000
close_sim
INFO: [Simtcl 6-16] Simulation closed
exit
INFO: [Common 17-206] Exiting Vivado at Sun Jun  7 14:44:29 2020...
